\BOOKMARK [0][-]{pretexto.0}{Elementos Pr\351-Textuais}{}% 1
\BOOKMARK [1][-]{pretexto.1.1}{Capa}{pretexto.0}% 2
\BOOKMARK [1][-]{pretexto.2.1}{Publica\347\343o}{pretexto.0}% 3
\BOOKMARK [1][-]{pretexto.3.1}{Folha de Rosto}{pretexto.0}% 4
\BOOKMARK [1][-]{pretexto.4.1}{Aprova\347\343o}{pretexto.0}% 5
\BOOKMARK [1][-]{pretexto.5.1}{Direitos Autorais}{pretexto.0}% 6
\BOOKMARK [1][-]{pretexto.6.1}{Dedicat\363ria}{pretexto.0}% 7
\BOOKMARK [1][-]{pretexto.7.1}{Agradecimentos}{pretexto.0}% 8
\BOOKMARK [1][-]{pretexto.10.1}{Ep\355grafe}{pretexto.0}% 9
\BOOKMARK [1][-]{pretexto.8.1}{Resumo}{pretexto.0}% 10
\BOOKMARK [1][-]{pretexto.9.1}{Abstract}{pretexto.0}% 11
\BOOKMARK [0][-]{sumario.0}{Sum\341rio}{}% 12
\BOOKMARK [0][-]{Doc-Start}{Lista de Figuras}{}% 13
\BOOKMARK [0][-]{Doc-Start}{Lista de Tabelas}{}% 14
\BOOKMARK [0][-]{Doc-Start}{Lista de Algoritmos}{}% 15
\BOOKMARK [0][-]{section*.1}{Lista de C\363digos de Programas}{}% 16
\BOOKMARK [0][-]{chapter.2}{1 Introdu\347\343o}{}% 17
\BOOKMARK [0][-]{chapter.3}{2 Descri\347\343o da classe inf-ufg}{}% 18
\BOOKMARK [1][-]{section.4}{2.1 Op\347\365es da classe}{chapter.3}% 19
\BOOKMARK [1][-]{section.5}{2.2 Par\342metros da classe}{chapter.3}% 20
\BOOKMARK [1][-]{section.7}{2.3 Elementos Pr\351\205Textuais}{chapter.3}% 21
\BOOKMARK [0][-]{chapter.20}{3 Elementos do texto}{}% 22
\BOOKMARK [1][-]{section.21}{3.1 Figuras}{chapter.20}% 23
\BOOKMARK [2][-]{subsection.25}{3.1.1 Subfiguras}{section.21}% 24
\BOOKMARK [1][-]{section.29}{3.2 Tabelas}{chapter.20}% 25
\BOOKMARK [1][-]{section.31}{3.3 Algoritmos}{chapter.20}% 26
\BOOKMARK [1][-]{section.42}{3.4 C\363digos de Programa}{chapter.20}% 27
\BOOKMARK [1][-]{section.44}{3.5 Teoremas, Corol\341rios e Demonstra\347\365es}{chapter.20}% 28
\BOOKMARK [1][-]{section.46}{3.6 Cita\347\365es Longas}{chapter.20}% 29
\BOOKMARK [1][-]{section.47}{3.7 Refer\352ncias Bibliogr\341ficas}{chapter.20}% 30
\BOOKMARK [0][-]{chapter.48}{4 Introdu\347\343o}{}% 31
\BOOKMARK [0][-]{chapter.49}{5 Descri\347\343o da classe inf-ufg}{}% 32
\BOOKMARK [1][-]{section.50}{5.1 Op\347\365es da classe}{chapter.49}% 33
\BOOKMARK [1][-]{section.51}{5.2 Par\342metros da classe}{chapter.49}% 34
\BOOKMARK [1][-]{section.53}{5.3 Elementos Pr\351\205Textuais}{chapter.49}% 35
\BOOKMARK [0][-]{chapter.66}{6 Elementos do texto}{}% 36
\BOOKMARK [1][-]{section.67}{6.1 Figuras}{chapter.66}% 37
\BOOKMARK [2][-]{subsection.71}{6.1.1 Subfiguras}{section.67}% 38
\BOOKMARK [1][-]{section.75}{6.2 Tabelas}{chapter.66}% 39
\BOOKMARK [1][-]{section.77}{6.3 Algoritmos}{chapter.66}% 40
\BOOKMARK [1][-]{section.88}{6.4 C\363digos de Programa}{chapter.66}% 41
\BOOKMARK [1][-]{section.90}{6.5 Teoremas, Corol\341rios e Demonstra\347\365es}{chapter.66}% 42
\BOOKMARK [1][-]{section.92}{6.6 Cita\347\365es Longas}{chapter.66}% 43
\BOOKMARK [1][-]{section.93}{6.7 Refer\352ncias Bibliogr\341ficas}{chapter.66}% 44
\BOOKMARK [0][-]{section.93}{Refer\352ncias Bibliogr\341ficas}{}% 45
\BOOKMARK [0][-]{appendix.94}{A Exemplo de um Ap\352ndice}{}% 46
\BOOKMARK [0][-]{appendix.95}{B Exemplo de Outro Ap\352ndice}{}% 47
