\BOOKMARK [0][-]{pretexto.0}{Elementos Pr\351-Textuais}{}% 1
\BOOKMARK [1][-]{pretexto.1.1}{Capa}{pretexto.0}% 2
\BOOKMARK [1][-]{pretexto.2.1}{Publica\347\343o}{pretexto.0}% 3
\BOOKMARK [1][-]{pretexto.3.1}{Folha de Rosto}{pretexto.0}% 4
\BOOKMARK [1][-]{pretexto.4.1}{Aprova\347\343o}{pretexto.0}% 5
\BOOKMARK [1][-]{pretexto.5.1}{Direitos Autorais}{pretexto.0}% 6
\BOOKMARK [1][-]{pretexto.6.1}{Dedicat\363ria}{pretexto.0}% 7
\BOOKMARK [1][-]{pretexto.7.1}{Agradecimentos}{pretexto.0}% 8
\BOOKMARK [1][-]{pretexto.10.1}{Ep\355grafe}{pretexto.0}% 9
\BOOKMARK [1][-]{pretexto.8.1}{Resumo}{pretexto.0}% 10
\BOOKMARK [1][-]{pretexto.9.1}{Abstract}{pretexto.0}% 11
\BOOKMARK [0][-]{sumario.0}{Sum\341rio}{}% 12
\BOOKMARK [0][-]{Doc-Start}{Lista de Figuras}{}% 13
\BOOKMARK [0][-]{Doc-Start}{Lista de Tabelas}{}% 14
\BOOKMARK [0][-]{chapter.1}{1 Introdu\347\343o}{}% 15
\BOOKMARK [1][-]{section.2}{1.1 Objetivos}{chapter.1}% 16
\BOOKMARK [1][-]{section.3}{1.2 Motiva\347\343o}{chapter.1}% 17
\BOOKMARK [1][-]{section.4}{1.3 Organiza\347\343o do trabalho}{chapter.1}% 18
\BOOKMARK [1][-]{section.5}{1.4 Lista de abreviaturas e siglas}{chapter.1}% 19
\BOOKMARK [0][-]{chapter.21}{2 Teste de Software}{}% 20
\BOOKMARK [1][-]{section.22}{2.1 Conceitos de Teste de Software}{chapter.21}% 21
\BOOKMARK [1][-]{section.23}{2.2 T\351cnicas e Crit\351rios de Teste de Software}{chapter.21}% 22
\BOOKMARK [1][-]{section.24}{2.3 Teste Funcional}{chapter.21}% 23
\BOOKMARK [1][-]{section.25}{2.4 Teste de Muta\347\343o}{chapter.21}% 24
\BOOKMARK [0][-]{chapter.26}{3 Banco de Dados}{}% 25
\BOOKMARK [1][-]{section.28}{3.1 Restri\347\365es de Banco de Dados}{chapter.26}% 26
\BOOKMARK [2][-]{subsection.29}{3.1.1 Restri\347\365es de Dom\355nio}{section.28}% 27
\BOOKMARK [2][-]{subsection.30}{3.1.2 Restri\347\365es de Integridade Sem\342ntica}{section.28}% 28
\BOOKMARK [2][-]{subsection.31}{3.1.3 Restri\347\365es de Integridade Referencial e de Chave Prim\341ria}{section.28}% 29
\BOOKMARK [1][-]{section.32}{3.2 Aplica\347\365es de Banco de Dados}{chapter.26}% 30
\BOOKMARK [1][-]{section.33}{3.3 Linguagem de Banco de Dados}{chapter.26}% 31
\BOOKMARK [0][-]{chapter.34}{4 T\351cnicas de Testes aplicadas em Banco de Dados Relacional}{}% 32
\BOOKMARK [1][-]{section.35}{4.1 Crit\351rios de Teste Funcional em Aplica\347\365es de Banco de Dados}{chapter.34}% 33
\BOOKMARK [2][-]{subsection.36}{4.1.1 Crit\351rios Para Testes Intra - Tabelas }{section.35}% 34
\BOOKMARK [2][-]{subsection.37}{4.1.2 Crit\351rios Para Testes Inter-Tabelas }{section.35}% 35
\BOOKMARK [1][-]{section.38}{4.2 T\351cnica de Teste Mutante em Banco de Dados}{chapter.34}% 36
\BOOKMARK [0][-]{chapter.39}{5 Estudo de Caso}{}% 37
\BOOKMARK [0][-]{chapter.41}{6 Plano de Teste}{}% 38
\BOOKMARK [1][-]{section.42}{6.1 Plano de Testes Baseado no Teste Funcional em BDR}{chapter.41}% 39
\BOOKMARK [2][-]{subsection.43}{6.1.1 Testes Intra - Tabelas}{section.42}% 40
\BOOKMARK [2][-]{subsection.44}{6.1.2 Testes Inter - Tabelas}{section.42}% 41
\BOOKMARK [0][-]{chapter.45}{7 Resultados obtidos}{}% 42
\BOOKMARK [0][-]{chapter.46}{8 Conclus\343o e trabalhos futuros}{}% 43
\BOOKMARK [0][-]{chapter.46}{Refer\352ncias Bibliogr\341ficas}{}% 44
\BOOKMARK [0][-]{appendix.47}{A Script de cria\347\343o da base de dados}{}% 45
\BOOKMARK [0][-]{appendix.48}{B Script de Inser\347\343o inicial no Banco}{}% 46
\BOOKMARK [0][-]{appendix.49}{C Scripts dos casos de testes}{}% 47
\BOOKMARK [0][-]{appendix.50}{D Scripts dos Testes de Mutantes}{}% 48
