This is pdfTeX, Version 3.14159265-2.6-1.40.15 (TeX Live 2015/dev/Debian) (preloaded format=pdflatex 2017.6.20)  29 JUN 2017 12:38
entering extended mode
 restricted \write18 enabled.
 %&-line parsing enabled.
**modelo-tese.tex
(./modelo-tese.tex
LaTeX2e <2014/05/01>
Babel <3.9l> and hyphenation patterns for 79 languages loaded.
(./inf-ufg.cls
Document Class: inf-ufg 2008/12/29 v1.8 INF-UFG Thesis Class
LaTeX 2e package inf-ufg' -- Released 29 dec 2008
(/usr/share/texlive/texmf-dist/tex/latex/base/ifthen.sty
Package: ifthen 2014/09/29 v1.1c Standard LaTeX ifthen package (DPC)
)
(/usr/share/texlive/texmf-dist/tex/latex/base/report.cls
Document Class: report 2014/09/29 v1.4h Standard LaTeX document class
(/usr/share/texlive/texmf-dist/tex/latex/base/size12.clo
File: size12.clo 2014/09/29 v1.4h Standard LaTeX file (size option)
)
\c@part=\count79
\c@chapter=\count80
\c@section=\count81
\c@subsection=\count82
\c@subsubsection=\count83
\c@paragraph=\count84
\c@subparagraph=\count85
\c@figure=\count86
\c@table=\count87
\abovecaptionskip=\skip41
\belowcaptionskip=\skip42
\bibindent=\dimen102
)
(/usr/share/texlive/texmf-dist/tex/generic/beebe/texnames.sty
This is texnames.sty, Version 1.10 <02 March 1998>
) (/usr/share/texlive/texmf-dist/tex/generic/babel/babel.sty
Package: babel 2014/09/25 3.9l The Babel package

(/usr/share/texlive/texmf-dist/tex/generic/babel-english/english.ldf
Language: english 2012/08/20 v3.3p English support from the babel system

(/usr/share/texlive/texmf-dist/tex/generic/babel/babel.def
File: babel.def 2014/09/25 3.9l Babel common definitions
\babel@savecnt=\count88
\U@D=\dimen103
)
\l@canadian = a dialect from \language\l@american 
\l@australian = a dialect from \language\l@british 
\l@newzealand = a dialect from \language\l@british 
)
(/usr/share/texlive/texmf-dist/tex/generic/babel-portuges/portuges.ldf
Language: portuges 2008/03/18 v1.2q Portuguese support from the babel system
Package babel Info: Making " an active character on input line 145.
)
(/usr/share/texlive/texmf-dist/tex/generic/babel-portuges/portuges.ldf
Language: portuges 2008/03/18 v1.2q Portuguese support from the babel system
\l@brazil = a dialect from \language\l@portuges 
))
(/usr/share/texlive/texmf-dist/tex/latex/base/fontenc.sty
Package: fontenc 2005/09/27 v1.99g Standard LaTeX package

(/usr/share/texlive/texmf-dist/tex/latex/base/t1enc.def
File: t1enc.def 2005/09/27 v1.99g Standard LaTeX file
LaTeX Font Info:    Redeclaring font encoding T1 on input line 43.
))
(/usr/share/texlive/texmf-dist/tex/latex/base/inputenc.sty
Package: inputenc 2014/04/30 v1.2b Input encoding file
\inpenc@prehook=\toks14
\inpenc@posthook=\toks15

(/usr/share/texlive/texmf-dist/tex/latex/base/ansinew.def
File: ansinew.def 2014/04/30 v1.2b Input encoding file
))
(/usr/share/texlive/texmf-dist/tex/latex/amsfonts/amsfonts.sty
Package: amsfonts 2013/01/14 v3.01 Basic AMSFonts support
\@emptytoks=\toks16
\symAMSa=\mathgroup4
\symAMSb=\mathgroup5
LaTeX Font Info:    Overwriting math alphabet `\mathfrak' in version `bold'
(Font)                  U/euf/m/n --> U/euf/b/n on input line 106.
)
(/usr/share/texlive/texmf-dist/tex/latex/pslatex/pslatex.sty
Package: pslatex 1996/07/24 v1.2 pslatex emulation (DPC)
LaTeX Font Info:    Redeclaring symbol font `operators' on input line 65.
LaTeX Font Info:    Overwriting symbol font `operators' in version `normal'
(Font)                  OT1/cmr/m/n --> OT1/ptmcm/m/n on input line 65.
LaTeX Font Info:    Overwriting symbol font `operators' in version `bold'
(Font)                  OT1/cmr/bx/n --> OT1/ptmcm/m/n on input line 65.
LaTeX Font Info:    Redeclaring symbol font `letters' on input line 66.
LaTeX Font Info:    Overwriting symbol font `letters' in version `normal'
(Font)                  OML/cmm/m/it --> OML/ptmcm/m/it on input line 66.
LaTeX Font Info:    Overwriting symbol font `letters' in version `bold'
(Font)                  OML/cmm/b/it --> OML/ptmcm/m/it on input line 66.
LaTeX Font Info:    Redeclaring symbol font `symbols' on input line 67.
LaTeX Font Info:    Overwriting symbol font `symbols' in version `normal'
(Font)                  OMS/cmsy/m/n --> OMS/pzccm/m/n on input line 67.
LaTeX Font Info:    Overwriting symbol font `symbols' in version `bold'
(Font)                  OMS/cmsy/b/n --> OMS/pzccm/m/n on input line 67.
LaTeX Font Info:    Redeclaring symbol font `largesymbols' on input line 68.
LaTeX Font Info:    Overwriting symbol font `largesymbols' in version `normal'
(Font)                  OMX/cmex/m/n --> OMX/psycm/m/n on input line 68.
LaTeX Font Info:    Overwriting symbol font `largesymbols' in version `bold'
(Font)                  OMX/cmex/m/n --> OMX/psycm/m/n on input line 68.
\symbold=\mathgroup6
\symitalic=\mathgroup7
LaTeX Font Info:    Redeclaring math alphabet \mathbf on input line 74.
LaTeX Font Info:    Overwriting math alphabet `\mathbf' in version `normal'
(Font)                  OT1/cmr/bx/n --> OT1/ptm/bx/n on input line 74.
LaTeX Font Info:    Overwriting math alphabet `\mathbf' in version `bold'
(Font)                  OT1/cmr/bx/n --> OT1/ptm/bx/n on input line 74.
LaTeX Font Info:    Redeclaring math alphabet \mathit on input line 75.
LaTeX Font Info:    Overwriting math alphabet `\mathit' in version `normal'
(Font)                  OT1/cmr/m/it --> OT1/ptm/m/it on input line 75.
LaTeX Font Info:    Overwriting math alphabet `\mathit' in version `bold'
(Font)                  OT1/cmr/bx/it --> OT1/ptm/m/it on input line 75.
)
(/usr/share/texlive/texmf-dist/tex/latex/fancyvrb/fancyvrb.sty
Package: fancyvrb 2008/02/07

Style option: `fancyvrb' v2.7a, with DG/SPQR fixes, and firstline=lastline fix 
<2008/02/07> (tvz) (/usr/share/texlive/texmf-dist/tex/latex/graphics/keyval.sty
Package: keyval 2014/05/08 v1.15 key=value parser (DPC)
\KV@toks@=\toks17
)
\FV@CodeLineNo=\count89
\FV@InFile=\read1
\FV@TabBox=\box26
\c@FancyVerbLine=\count90
\FV@StepNumber=\count91
\FV@OutFile=\write3
) (/usr/share/texlive/texmf-dist/tex/latex/tools/indentfirst.sty
Package: indentfirst 1995/11/23 v1.03 Indent first paragraph (DPC)
)
(/usr/share/texlive/texmf-dist/tex/latex/setspace/setspace.sty
Package: setspace 2011/12/19 v6.7a set line spacing
)
(/usr/share/texlive/texmf-dist/tex/latex/eso-pic/eso-pic.sty
Package: eso-pic 2013/10/06 v2.0d eso-pic (RN)

(/usr/share/texlive/texmf-dist/tex/generic/oberdiek/atbegshi.sty
Package: atbegshi 2011/10/05 v1.16 At begin shipout hook (HO)

(/usr/share/texlive/texmf-dist/tex/generic/oberdiek/infwarerr.sty
Package: infwarerr 2010/04/08 v1.3 Providing info/warning/error messages (HO)
)
(/usr/share/texlive/texmf-dist/tex/generic/oberdiek/ltxcmds.sty
Package: ltxcmds 2011/11/09 v1.22 LaTeX kernel commands for general use (HO)
)
(/usr/share/texlive/texmf-dist/tex/generic/oberdiek/ifpdf.sty
Package: ifpdf 2011/01/30 v2.3 Provides the ifpdf switch (HO)
Package ifpdf Info: pdfTeX in PDF mode is detected.
))
(/usr/share/texlive/texmf-dist/tex/latex/xcolor/xcolor.sty
Package: xcolor 2007/01/21 v2.11 LaTeX color extensions (UK)

(/usr/share/texlive/texmf-dist/tex/latex/latexconfig/color.cfg
File: color.cfg 2007/01/18 v1.5 color configuration of teTeX/TeXLive
)
Package xcolor Info: Driver file: pdftex.def on input line 225.

(/usr/share/texlive/texmf-dist/tex/latex/pdftex-def/pdftex.def
File: pdftex.def 2011/05/27 v0.06d Graphics/color for pdfTeX
\Gread@gobject=\count92
)
Package xcolor Info: Model `cmy' substituted by `cmy0' on input line 1337.
Package xcolor Info: Model `hsb' substituted by `rgb' on input line 1341.
Package xcolor Info: Model `RGB' extended on input line 1353.
Package xcolor Info: Model `HTML' substituted by `rgb' on input line 1355.
Package xcolor Info: Model `Hsb' substituted by `hsb' on input line 1356.
Package xcolor Info: Model `tHsb' substituted by `hsb' on input line 1357.
Package xcolor Info: Model `HSB' substituted by `hsb' on input line 1358.
Package xcolor Info: Model `Gray' substituted by `gray' on input line 1359.
Package xcolor Info: Model `wave' substituted by `hsb' on input line 1360.
))
(/usr/share/texlive/texmf-dist/tex/latex/lastpage/lastpage.sty
Package: lastpage 2013/01/28 v1.2l Refers to last page's name (HMM; JPG)
)
(/usr/share/texlive/texmf-dist/tex/latex/hyperref/hyperref.sty
Package: hyperref 2012/11/06 v6.83m Hypertext links for LaTeX

(/usr/share/texlive/texmf-dist/tex/generic/oberdiek/hobsub-hyperref.sty
Package: hobsub-hyperref 2012/05/28 v1.13 Bundle oberdiek, subset hyperref (HO)


(/usr/share/texlive/texmf-dist/tex/generic/oberdiek/hobsub-generic.sty
Package: hobsub-generic 2012/05/28 v1.13 Bundle oberdiek, subset generic (HO)
Package: hobsub 2012/05/28 v1.13 Construct package bundles (HO)
Package hobsub Info: Skipping package `infwarerr' (already loaded).
Package hobsub Info: Skipping package `ltxcmds' (already loaded).
Package: ifluatex 2010/03/01 v1.3 Provides the ifluatex switch (HO)
Package ifluatex Info: LuaTeX not detected.
Package: ifvtex 2010/03/01 v1.5 Detect VTeX and its facilities (HO)
Package ifvtex Info: VTeX not detected.
Package: intcalc 2007/09/27 v1.1 Expandable calculations with integers (HO)
Package hobsub Info: Skipping package `ifpdf' (already loaded).
Package: etexcmds 2011/02/16 v1.5 Avoid name clashes with e-TeX commands (HO)
Package etexcmds Info: Could not find \expanded.
(etexcmds)             That can mean that you are not using pdfTeX 1.50 or
(etexcmds)             that some package has redefined \expanded.
(etexcmds)             In the latter case, load this package earlier.
Package: kvsetkeys 2012/04/25 v1.16 Key value parser (HO)
Package: kvdefinekeys 2011/04/07 v1.3 Define keys (HO)
Package: pdftexcmds 2011/11/29 v0.20 Utility functions of pdfTeX for LuaTeX (HO
)
Package pdftexcmds Info: LuaTeX not detected.
Package pdftexcmds Info: \pdf@primitive is available.
Package pdftexcmds Info: \pdf@ifprimitive is available.
Package pdftexcmds Info: \pdfdraftmode found.
Package: pdfescape 2011/11/25 v1.13 Implements pdfTeX's escape features (HO)
Package: bigintcalc 2012/04/08 v1.3 Expandable calculations on big integers (HO
)
Package: bitset 2011/01/30 v1.1 Handle bit-vector datatype (HO)
Package: uniquecounter 2011/01/30 v1.2 Provide unlimited unique counter (HO)
)
Package hobsub Info: Skipping package `hobsub' (already loaded).
Package: letltxmacro 2010/09/02 v1.4 Let assignment for LaTeX macros (HO)
Package: hopatch 2012/05/28 v1.2 Wrapper for package hooks (HO)
Package: xcolor-patch 2011/01/30 xcolor patch
Package: atveryend 2011/06/30 v1.8 Hooks at the very end of document (HO)
Package atveryend Info: \enddocument detected (standard20110627).
Package hobsub Info: Skipping package `atbegshi' (already loaded).
Package: refcount 2011/10/16 v3.4 Data extraction from label references (HO)
Package: hycolor 2011/01/30 v1.7 Color options for hyperref/bookmark (HO)
)
(/usr/share/texlive/texmf-dist/tex/generic/ifxetex/ifxetex.sty
Package: ifxetex 2010/09/12 v0.6 Provides ifxetex conditional
)
(/usr/share/texlive/texmf-dist/tex/latex/oberdiek/auxhook.sty
Package: auxhook 2011/03/04 v1.3 Hooks for auxiliary files (HO)
)
(/usr/share/texlive/texmf-dist/tex/latex/oberdiek/kvoptions.sty
Package: kvoptions 2011/06/30 v3.11 Key value format for package options (HO)
)
\@linkdim=\dimen104
\Hy@linkcounter=\count93
\Hy@pagecounter=\count94

(/usr/share/texlive/texmf-dist/tex/latex/hyperref/pd1enc.def
File: pd1enc.def 2012/11/06 v6.83m Hyperref: PDFDocEncoding definition (HO)
)
\Hy@SavedSpaceFactor=\count95

(/usr/share/texlive/texmf-dist/tex/latex/latexconfig/hyperref.cfg
File: hyperref.cfg 2002/06/06 v1.2 hyperref configuration of TeXLive
)
Package hyperref Info: Hyper figures OFF on input line 4443.
Package hyperref Info: Link nesting OFF on input line 4448.
Package hyperref Info: Hyper index ON on input line 4451.
Package hyperref Info: Plain pages OFF on input line 4458.
Package hyperref Info: Backreferencing OFF on input line 4463.
Package hyperref Info: Implicit mode ON; LaTeX internals redefined.
Package hyperref Info: Bookmarks ON on input line 4688.
\c@Hy@tempcnt=\count96

(/usr/share/texlive/texmf-dist/tex/latex/url/url.sty
\Urlmuskip=\muskip10
Package: url 2013/09/16  ver 3.4  Verb mode for urls, etc.
)
LaTeX Info: Redefining \url on input line 5041.
\XeTeXLinkMargin=\dimen105
\Fld@menulength=\count97
\Field@Width=\dimen106
\Fld@charsize=\dimen107
Package hyperref Info: Hyper figures OFF on input line 6295.
Package hyperref Info: Link nesting OFF on input line 6300.
Package hyperref Info: Hyper index ON on input line 6303.
Package hyperref Info: backreferencing OFF on input line 6310.
Package hyperref Info: Link coloring OFF on input line 6315.
Package hyperref Info: Link coloring with OCG OFF on input line 6320.
Package hyperref Info: PDF/A mode OFF on input line 6325.
LaTeX Info: Redefining \ref on input line 6365.
LaTeX Info: Redefining \pageref on input line 6369.
\Hy@abspage=\count98
\c@Item=\count99
\c@Hfootnote=\count100
)

Package hyperref Message: Driver: hpdftex.

(/usr/share/texlive/texmf-dist/tex/latex/hyperref/hpdftex.def
File: hpdftex.def 2012/11/06 v6.83m Hyperref driver for pdfTeX
\Fld@listcount=\count101
\c@bookmark@seq@number=\count102

(/usr/share/texlive/texmf-dist/tex/latex/oberdiek/rerunfilecheck.sty
Package: rerunfilecheck 2011/04/15 v1.7 Rerun checks for auxiliary files (HO)
Package uniquecounter Info: New unique counter `rerunfilecheck' on input line 2
82.
)
\Hy@SectionHShift=\skip43
)
Package hyperref Info: Option `bookmarksopen' set `false' on input line 184.
Package hyperref Info: Option `bookmarksnumbered' set `true' on input line 184.

Package hyperref Info: Option `hypertexnames' set `false' on input line 184.
Package hyperref Info: Option `naturalnames' set `true' on input line 184.
Package hyperref Info: Option `colorlinks' set `true' on input line 194.

(/usr/share/texlive/texmf-dist/tex/latex/graphics/graphicx.sty
Package: graphicx 2014/04/25 v1.0g Enhanced LaTeX Graphics (DPC,SPQR)

(/usr/share/texlive/texmf-dist/tex/latex/graphics/graphics.sty
Package: graphics 2009/02/05 v1.0o Standard LaTeX Graphics (DPC,SPQR)

(/usr/share/texlive/texmf-dist/tex/latex/graphics/trig.sty
Package: trig 1999/03/16 v1.09 sin cos tan (DPC)
)
(/usr/share/texlive/texmf-dist/tex/latex/latexconfig/graphics.cfg
File: graphics.cfg 2010/04/23 v1.9 graphics configuration of TeX Live
)
Package graphics Info: Driver file: pdftex.def on input line 91.
)
\Gin@req@height=\dimen108
\Gin@req@width=\dimen109
)
(/usr/share/texlive/texmf-dist/tex/latex/caption/caption.sty
Package: caption 2013/05/02 v3.3-89 Customizing captions (AR)

(/usr/share/texlive/texmf-dist/tex/latex/caption/caption3.sty
Package: caption3 2013/05/02 v1.6-88 caption3 kernel (AR)
Package caption3 Info: TeX engine: e-TeX on input line 57.
\captionmargin=\dimen110
\captionmargin@=\dimen111
\captionwidth=\dimen112
\caption@tempdima=\dimen113
\caption@indent=\dimen114
\caption@parindent=\dimen115
\caption@hangindent=\dimen116
)
\c@ContinuedFloat=\count103
Package caption Info: hyperref package is loaded.
)
(/usr/share/texlive/texmf-dist/tex/latex/subfigure/subfigure.sty
Package: subfigure 2002/03/15 v2.1.5 subfigure package
\subfigtopskip=\skip44
\subfigcapskip=\skip45
\subfigcaptopadj=\dimen117
\subfigbottomskip=\skip46
\subfigcapmargin=\dimen118
\subfiglabelskip=\skip47
\c@subfigure=\count104
\c@lofdepth=\count105
\c@subtable=\count106
\c@lotdepth=\count107

****************************************
* Local config file subfigure.cfg used *
****************************************
(/usr/share/texlive/texmf-dist/tex/latex/subfigure/subfigure.cfg)
\subfig@top=\skip48
\subfig@bottom=\skip49
)
(/usr/share/texlive/texmf-dist/tex/latex/algorithm2e/algorithm2e.sty
Package: algorithm2e 2013/01/06 v5.00 algorithms environments
\c@AlgoLine=\count108

(/usr/share/texlive/texmf-dist/tex/latex/tools/xspace.sty
Package: xspace 2014/10/28 v1.13 Space after command names (DPC,MH)
)
(/usr/share/texlive/texmf-dist/tex/latex/relsize/relsize.sty
Package: relsize 2013/03/29 ver 4.1
)
********************************************************
Package `algorithm2e' Release 5.0 -- january 06 2013 --
- algorithm2e-announce@lirmm.fr mailing list for announcement about releases
- algorithm2e-discussion@lirmm.fr mailing list for discussion about package
subscribe by emailing sympa@lirmm.fr with 'subscribe <list> <firstname name>'
- Author: Christophe Fiorio (cfiorio@um2.fr)
********************************************************
\skiptotal=\skip50
\skiplinenumber=\skip51
\skiprule=\skip52
\skiphlne=\skip53
\skiptext=\skip54
\skiplength=\skip55
\algomargin=\skip56
\skipalgocfslide=\skip57
\algowidth=\dimen119
\inoutsize=\dimen120
\inoutindent=\dimen121
\interspacetitleruled=\dimen122
\interspacealgoruled=\dimen123
\interspacetitleboxruled=\dimen124
\algocf@inoutbox=\box27
\algocf@inputbox=\box28
\AlCapSkip=\skip58
\AlCapHSkip=\skip59
\algoskipindent=\skip60
\algocf@nlbox=\box29
\algocf@hangingbox=\box30
\algocf@untilbox=\box31
\algocf@skipuntil=\skip61
\algocf@capbox=\box32
\algoheightruledefault=\skip62
\algoheightrule=\skip63
\algotitleheightruledefault=\skip64
\algotitleheightrule=\skip65
\c@algocfline=\count109
\c@algocfproc=\count110
\c@algocf=\count111
\algocf@algoframe=\box33
\algocf@algobox=\box34
) (/usr/share/texlive/texmf-dist/tex/latex/float/float.sty
Package: float 2001/11/08 v1.3d Float enhancements (AL)
\c@float@type=\count112
\float@exts=\toks18
\float@box=\box35
\@float@everytoks=\toks19
\@floatcapt=\box36
)
\@float@every@codigo=\toks20
\c@codigo=\count113

(/usr/share/texlive/texmf-dist/tex/latex/fancyhdr/fancyhdr.sty
\fancy@headwidth=\skip66
\f@ncyO@elh=\skip67
\f@ncyO@erh=\skip68
\f@ncyO@olh=\skip69
\f@ncyO@orh=\skip70
\f@ncyO@elf=\skip71
\f@ncyO@erf=\skip72
\f@ncyO@olf=\skip73
\f@ncyO@orf=\skip74
)
(/usr/share/texlive/texmf-dist/tex/latex/tocbibind/tocbibind.sty
Package: tocbibind 2010/10/13 v1.5k extra ToC listings
Package tocbibind Info: The document has chapter divisions on input line 50.


Package tocbibind Note: Using chapter style headings, unless overridden.

) (./tocloft.sty
Package: tocloft 2002/06/15 v2.3 parameterised ToC, etc., typesetting


Package tocloft Note: The document has chapter divisions.

\cftparskip=\skip75
\cftbeforetoctitleskip=\skip76
\cftaftertoctitleskip=\skip77
\cftbeforepartskip=\skip78
\cftpartnumwidth=\skip79
\cftpartindent=\skip80
\cftbeforechapskip=\skip81
\cftchapindent=\skip82
\cftchapnumwidth=\skip83
\cftbeforesecskip=\skip84
\cftsecindent=\skip85
\cftsecnumwidth=\skip86
\cftbeforesubsecskip=\skip87
\cftsubsecindent=\skip88
\cftsubsecnumwidth=\skip89
\cftbeforesubsubsecskip=\skip90
\cftsubsubsecindent=\skip91
\cftsubsubsecnumwidth=\skip92
\cftbeforeparaskip=\skip93
\cftparaindent=\skip94
\cftparanumwidth=\skip95
\cftbeforesubparaskip=\skip96
\cftsubparaindent=\skip97
\cftsubparanumwidth=\skip98
\cftbeforeloftitleskip=\skip99
\cftafterloftitleskip=\skip100
\cftbeforefigskip=\skip101
\cftfigindent=\skip102
\cftfignumwidth=\skip103
\cftbeforelottitleskip=\skip104
\cftafterlottitleskip=\skip105
\cftbeforetabskip=\skip106
\cfttabindent=\skip107
\cfttabnumwidth=\skip108
) (/usr/share/texlive/texmf-dist/tex/latex/titlesec/titletoc.sty
Package: titletoc 2011/12/15 v1.6 TOC entries
\ttl@leftsep=\dimen125
)
\c@definition=\count114

(/usr/share/texlive/texmf-dist/tex/latex/enumitem/enumitem.sty
Package: enumitem 2011/09/28 v3.5.2 Customized lists
\labelindent=\skip109
\enit@outerparindent=\dimen126
\enit@toks=\toks21
\enit@inbox=\box37
\enitdp@description=\count115
))
(/usr/share/texlive/texmf-dist/tex/latex/placeins/placeins.sty
Package: placeins 2005/04/18  v 2.2
)
(/usr/share/texlive/texmf-dist/tex/latex/tools/longtable.sty
Package: longtable 2014/10/28 v4.11 Multi-page Table package (DPC)
\LTleft=\skip110
\LTright=\skip111
\LTpre=\skip112
\LTpost=\skip113
\LTchunksize=\count116
\LTcapwidth=\dimen127
\LT@head=\box38
\LT@firsthead=\box39
\LT@foot=\box40
\LT@lastfoot=\box41
\LT@cols=\count117
\LT@rows=\count118
\c@LT@tables=\count119
\c@LT@chunks=\count120
\LT@p@ftn=\toks22
)
(./modelo-tese.aux

LaTeX Warning: Label `fig:restricaoDominioConta' multiply defined.

)
\openout1 = `modelo-tese.aux'.

LaTeX Font Info:    Checking defaults for OML/cmm/m/it on input line 15.
LaTeX Font Info:    ... okay on input line 15.
LaTeX Font Info:    Checking defaults for T1/cmr/m/n on input line 15.
LaTeX Font Info:    ... okay on input line 15.
LaTeX Font Info:    Checking defaults for OT1/cmr/m/n on input line 15.
LaTeX Font Info:    ... okay on input line 15.
LaTeX Font Info:    Checking defaults for OMS/pzccm/m/n on input line 15.
LaTeX Font Info:    Try loading font information for OMS+pzccm on input line 15
.
 (/usr/share/texlive/texmf-dist/tex/latex/psnfss/omspzccm.fd
File: omspzccm.fd 2000/01/03 Fontinst v1.801 font definitions for OMS/pzccm.
)
LaTeX Font Info:    ... okay on input line 15.
LaTeX Font Info:    Checking defaults for OMX/cmex/m/n on input line 15.
LaTeX Font Info:    ... okay on input line 15.
LaTeX Font Info:    Checking defaults for U/cmr/m/n on input line 15.
LaTeX Font Info:    ... okay on input line 15.
LaTeX Font Info:    Checking defaults for PD1/pdf/m/n on input line 15.
LaTeX Font Info:    ... okay on input line 15.
\AtBeginShipoutBox=\box42

(/usr/share/texlive/texmf-dist/tex/context/base/supp-pdf.mkii
[Loading MPS to PDF converter (version 2006.09.02).]
\scratchcounter=\count121
\scratchdimen=\dimen128
\scratchbox=\box43
\nofMPsegments=\count122
\nofMParguments=\count123
\everyMPshowfont=\toks23
\MPscratchCnt=\count124
\MPscratchDim=\dimen129
\MPnumerator=\count125
\makeMPintoPDFobject=\count126
\everyMPtoPDFconversion=\toks24
)
Package lastpage Info: Please have a look at the pageslts package at
(lastpage)             http://www.ctan.org/tex-archive/ 
(lastpage)             macros/latex/contrib/pageslts/ 
(lastpage)             or
(lastpage)             http://www.ctan.org/tex-archive/ 
(lastpage)             install/macros/latex/contrib/pageslts.tds.zip
(lastpage)             ! on input line 15.
Package hyperref Info: Link coloring ON on input line 15.
 (/usr/share/texlive/texmf-dist/tex/latex/hyperref/nameref.sty
Package: nameref 2012/10/27 v2.43 Cross-referencing by name of section

(/usr/share/texlive/texmf-dist/tex/generic/oberdiek/gettitlestring.sty
Package: gettitlestring 2010/12/03 v1.4 Cleanup title references (HO)
)
\c@section@level=\count127
)
LaTeX Info: Redefining \ref on input line 15.
LaTeX Info: Redefining \pageref on input line 15.
LaTeX Info: Redefining \nameref on input line 15.

(./modelo-tese.out) (./modelo-tese.out)
\@outlinefile=\write4
\openout4 = `modelo-tese.out'.


(/usr/share/texlive/texmf-dist/tex/latex/oberdiek/epstopdf-base.sty
Package: epstopdf-base 2010/02/09 v2.5 Base part for package epstopdf

(/usr/share/texlive/texmf-dist/tex/latex/oberdiek/grfext.sty
Package: grfext 2010/08/19 v1.1 Manage graphics extensions (HO)
)
Package grfext Info: Graphics extension search list:
(grfext)             [.jpg,.pdf,.mps,.png,.eps]
(grfext)             \AppendGraphicsExtensions on input line 452.

(/usr/share/texlive/texmf-dist/tex/latex/latexconfig/epstopdf-sys.cfg
File: epstopdf-sys.cfg 2010/07/13 v1.3 Configuration of (r)epstopdf for TeX Liv
e
))
Package caption Info: Begin \AtBeginDocument code.
Package caption Info: float package is loaded.
Package caption Info: longtable package is loaded.

(/usr/share/texlive/texmf-dist/tex/latex/caption/ltcaption.sty
Package: ltcaption 2013/02/03 v1.3-62 longtable captions (AR)
)
Package caption Info: subfigure package is loaded.
Package caption Info: End \AtBeginDocument code.
Package babel Info: Redefining portuges shorthand "|
(babel)             in language  on input line 46.
Package babel Info: Redefining portuges shorthand "|
(babel)             in language  on input line 46.
Package babel Info: Redefining portuges shorthand "|
(babel)             in language  on input line 46.
Package babel Info: Redefining portuges shorthand "|
(babel)             in language  on input line 46.
Package babel Info: Redefining portuges shorthand "|
(babel)             in language  on input line 46.
LaTeX Font Info:    Font shape `T1/ptm/bx/n' in size <24.88> not available
(Font)              Font shape `T1/ptm/b/n' tried instead on input line 46.
LaTeX Font Info:    Font shape `T1/ptm/bx/n' in size <17.28> not available
(Font)              Font shape `T1/ptm/b/n' tried instead on input line 46.
Package babel Info: Redefining portuges shorthand "|
(babel)             in language  on input line 46.
 [1

{/var/lib/texmf/fonts/map/pdftex/updmap/pdftex.map}]
Package babel Info: Redefining portuges shorthand "|
(babel)             in language  on input line 47.
LaTeX Font Info:    Font shape `T1/ptm/bx/sc' in size <17.28> not available
(Font)              Font shape `T1/ptm/b/sc' tried instead on input line 47.
LaTeX Font Info:    Font shape `T1/ptm/bx/n' in size <12> not available
(Font)              Font shape `T1/ptm/b/n' tried instead on input line 47.
LaTeX Font Info:    Try loading font information for OT1+ptmcm on input line 47
.

(/usr/share/texlive/texmf-dist/tex/latex/psnfss/ot1ptmcm.fd
File: ot1ptmcm.fd 2000/01/03 Fontinst v1.801 font definitions for OT1/ptmcm.
)
LaTeX Font Info:    Try loading font information for OML+ptmcm on input line 47
.

(/usr/share/texlive/texmf-dist/tex/latex/psnfss/omlptmcm.fd
File: omlptmcm.fd 2000/01/03 Fontinst v1.801 font definitions for OML/ptmcm.
)
LaTeX Font Info:    Try loading font information for OMX+psycm on input line 47
.

(/usr/share/texlive/texmf-dist/tex/latex/psnfss/omxpsycm.fd
File: omxpsycm.fd 2000/01/03 Fontinst v1.801 font definitions for OMX/psycm.
)
LaTeX Font Info:    Try loading font information for U+msa on input line 47.

(/usr/share/texlive/texmf-dist/tex/latex/amsfonts/umsa.fd
File: umsa.fd 2013/01/14 v3.01 AMS symbols A
)
LaTeX Font Info:    Try loading font information for U+msb on input line 47.

(/usr/share/texlive/texmf-dist/tex/latex/amsfonts/umsb.fd
File: umsb.fd 2013/01/14 v3.01 AMS symbols B
)
LaTeX Font Info:    Font shape `OT1/ptm/bx/n' in size <12> not available
(Font)              Font shape `OT1/ptm/b/n' tried instead on input line 47.
LaTeX Font Info:    Font shape `OT1/ptm/bx/n' in size <9> not available
(Font)              Font shape `OT1/ptm/b/n' tried instead on input line 47.
LaTeX Font Info:    Font shape `OT1/ptm/bx/n' in size <7> not available
(Font)              Font shape `OT1/ptm/b/n' tried instead on input line 47.

Underfull \hbox (badness 10000) in paragraph at lines 47--47
[] $[]$
 []


Underfull \hbox (badness 10000) in paragraph at lines 47--47
[] $[]$
 []

Package babel Info: Redefining portuges shorthand "|
(babel)             in language  on input line 47.
[1]
Package babel Info: Redefining portuges shorthand "|
(babel)             in language  on input line 48.

Underfull \hbox (badness 1052) in paragraph at lines 48--48
[]\T1/ptm/m/n/12 Trabalho de Con-clu-são apre-sen-tado à Co-or-de-na-ção do
 []

Package babel Info: Redefining portuges shorthand "|
(babel)             in language  on input line 48.
[1] (./pre/pre_aprovacao.tex
Package babel Info: Redefining portuges shorthand "|
(babel)             in language  on input line 1.
LaTeX Font Info:    Font shape `T1/ptm/bx/n' in size <10.95> not available
(Font)              Font shape `T1/ptm/b/n' tried instead on input line 1.
Package babel Info: Redefining portuges shorthand "|
(babel)             in language  on input line 5.
 [2

]) (./pre/pre_direitos.tex
Package babel Info: Redefining portuges shorthand "|
(babel)             in language  on input line 1.
LaTeX Font Info:    Font shape `T1/phv/m/n' will be
(Font)              scaled to size 10.79993pt on input line 1.
LaTeX Font Info:    Font shape `T1/phv/bx/n' in size <12> not available
(Font)              Font shape `T1/phv/b/n' tried instead on input line 1.
LaTeX Font Info:    Font shape `T1/phv/b/n' will be
(Font)              scaled to size 10.79993pt on input line 1.
Package babel Info: Redefining portuges shorthand "|
(babel)             in language  on input line 1.
 [3

])
(./pre/pre_dedicatoria.tex
Package babel Info: Redefining portuges shorthand "|
(babel)             in language  on input line 1.
Package babel Info: Redefining portuges shorthand "|
(babel)             in language  on input line 3.
 [4

]) (./pre/pre_agradecimentos.tex
Package babel Info: Redefining portuges shorthand "|
(babel)             in language  on input line 1.
Package babel Info: Redefining portuges shorthand "|
(babel)             in language  on input line 12.
 [5

])
(./pre/pre_epigrafe.tex
Package babel Info: Redefining portuges shorthand "|
(babel)             in language  on input line 3.
Package babel Info: Redefining portuges shorthand "|
(babel)             in language  on input line 3.
 [6

]) (./pre/pre_resumo.tex
Package babel Info: Redefining portuges shorthand "|
(babel)             in language  on input line 3.

Underfull \hbox (badness 10000) in paragraph at lines 3--3
[]$[]$
 []

Package babel Info: Redefining portuges shorthand "|
(babel)             in language  on input line 5.
[7

]) (./pre/pre_abstract.tex
Package babel Info: Redefining portuges shorthand "|
(babel)             in language  on input line 3.
Package babel Info: Redefining portuges shorthand "|
(babel)             in language  on input line 7.
 [8

])
Package babel Info: Redefining portuges shorthand "|
(babel)             in language  on input line 58.
 (./modelo-tese.toc
LaTeX Font Info:    Font shape `T1/phv/m/n' will be
(Font)              scaled to size 9.85492pt on input line 5.
LaTeX Font Info:    Font shape `T1/phv/m/n' will be
(Font)              scaled to size 8.99994pt on input line 33.
Package babel Info: Redefining portuges shorthand "|
(babel)             in language  on input line 51.
 [9



])
\tf@toc=\write5
\openout5 = `modelo-tese.toc'.

Package babel Info: Redefining portuges shorthand "|
(babel)             in language  on input line 58.
 [10]
Package babel Info: Redefining portuges shorthand "|
(babel)             in language  on input line 58.

(./modelo-tese.lof
LaTeX Font Info:    Font shape `T1/phv/m/it' in size <12> not available
(Font)              Font shape `T1/phv/m/sl' tried instead on input line 12.
LaTeX Font Info:    Font shape `T1/phv/m/sl' will be
(Font)              scaled to size 10.79993pt on input line 12.

Underfull \hbox (badness 5431) in paragraph at lines 24--24
 [][] [][][]\T1/phv/m/n/12 Restrição de In-te-gri-dade Re-fe-ren-cial en-tre as
 ta-be-las \T1/phv/m/sl/12 em-presa\T1/phv/m/n/12 , 
 []

)
\tf@lof=\write6
\openout6 = `modelo-tese.lof'.

Package babel Info: Redefining portuges shorthand "|
(babel)             in language  on input line 58.
 [11


]
Package babel Info: Redefining portuges shorthand "|
(babel)             in language  on input line 58.
 (./modelo-tese.lot)
\tf@lot=\write7
\openout7 = `modelo-tese.lot'.

Package babel Info: Redefining portuges shorthand "|
(babel)             in language  on input line 58.
 [12


] (./tex/cap_I.tex
Cap\'{\i }tulo 1.
Package babel Info: Redefining portuges shorthand "|
(babel)             in language  on input line 1.
LaTeX Font Info:    Font shape `T1/phv/m/n' will be
(Font)              scaled to size 15.55188pt on input line 1.
LaTeX Font Info:    Font shape `T1/phv/m/n' will be
(Font)              scaled to size 22.39185pt on input line 1.
LaTeX Font Info:    Font shape `T1/phv/m/n' will be
(Font)              scaled to size 18.66588pt on input line 1.
LaTeX Font Info:    Font shape `T1/ptm/bx/n' in size <20.74> not available
(Font)              Font shape `T1/ptm/b/n' tried instead on input line 1.
Package babel Info: Redefining portuges shorthand "|
(babel)             in language  on input line 15.
[13


]
Package babel Info: Redefining portuges shorthand "|
(babel)             in language  on input line 18.
LaTeX Font Info:    Font shape `OMS/ptm/m/n' in size <12> not available
(Font)              Font shape `OMS/pzccm/m/n' tried instead on input line 25.
Package babel Info: Redefining portuges shorthand "|
(babel)             in language  on input line 33.
Package babel Info: Redefining portuges shorthand "|
(babel)             in language  on input line 39.
Package babel Info: Redefining portuges shorthand "|
(babel)             in language  on input line 50.
 [14]
Package babel Info: Redefining portuges shorthand "|
(babel)             in language  on input line 58.
Package babel Info: Redefining portuges shorthand "|
(babel)             in language  on input line 123.
 [15]) (./tex/cap_II.tex
Package babel Info: Redefining portuges shorthand "|
(babel)             in language  on input line 1.
 [16]
Cap\'{\i }tulo 2.
Package babel Info: Redefining portuges shorthand "|
(babel)             in language  on input line 1.
Package babel Info: Redefining portuges shorthand "|
(babel)             in language  on input line 5.
Package babel Info: Redefining portuges shorthand "|
(babel)             in language  on input line 21.
[17

]
Package babel Info: Redefining portuges shorthand "|
(babel)             in language  on input line 29.
Package babel Info: Redefining portuges shorthand "|
(babel)             in language  on input line 42.
 [18]
Package babel Info: Redefining portuges shorthand "|
(babel)             in language  on input line 60.
Package babel Info: Redefining portuges shorthand "|
(babel)             in language  on input line 66.
 [19]
Package babel Info: Redefining portuges shorthand "|
(babel)             in language  on input line 90.
 [20]
Package babel Info: Redefining portuges shorthand "|
(babel)             in language  on input line 105.
Package babel Info: Redefining portuges shorthand "|
(babel)             in language  on input line 115.
 [21]) (./tex/cap_III.tex
Package babel Info: Redefining portuges shorthand "|
(babel)             in language  on input line 1.
 [22]
Cap\'{\i }tulo 3.
Package babel Info: Redefining portuges shorthand "|
(babel)             in language  on input line 1.
Package babel Info: Redefining portuges shorthand "|
(babel)             in language  on input line 12.
[23

]
Underfull \hbox (badness 10000) in paragraph at lines 15--16
[]\T1/ptm/m/n/12 Outra de-fi-ni-ção a se des-ta-car é de uma re-la-ção. Uma re-
la-ção
 []


Underfull \hbox (badness 2334) in paragraph at lines 15--16
[]\T1/pcr/m/n/12 R (A1, A2, A3, ..., An)\T1/ptm/m/n/12 , o ele-mento A1 refere-
se aos atri-bu-tos de uma re-
 []


Underfull \hbox (badness 1400) in paragraph at lines 15--16
\T1/ptm/m/n/12 la-ção, que é o nome do pa-pel de-sem-pe-nhado por um do-mí-nio 
[]\T1/pcr/m/n/12 D\T1/ptm/m/n/12 . Uma re-la-ção
 []


Underfull \hbox (badness 1946) in paragraph at lines 15--16
[]\T1/pcr/m/n/12 R (A1, A2, A3, ..., An)\T1/ptm/m/n/12 , in-di-cada por []\T1/p
cr/m/n/12 r(R) \T1/ptm/m/n/12 é um con-junto de vá-rias tu-plas
 []

<./fig/figura1.png, id=543, 1210.5225pt x 333.245pt>
File: ./fig/figura1.png Graphic file (type png)
 <use ./fig/figura1.png>
Package pdftex.def Info: ./fig/figura1.png used on input line 21.
(pdftex.def)             Requested size: 384.10959pt x 105.74054pt.
LaTeX Font Info:    Font shape `T1/ptm/bx/it' in size <10.95> not available
(Font)              Font shape `T1/ptm/b/it' tried instead on input line 22.
Package babel Info: Redefining portuges shorthand "|
(babel)             in language  on input line 30.
Package babel Info: Redefining portuges shorthand "|
(babel)             in language  on input line 39.

[24 <./fig/figura1.png>]
LaTeX Font Info:    Font shape `T1/ptm/bx/n' in size <14.4> not available
(Font)              Font shape `T1/ptm/b/n' tried instead on input line 45.
Package babel Info: Redefining portuges shorthand "|
(babel)             in language  on input line 45.
Package babel Info: Redefining portuges shorthand "|
(babel)             in language  on input line 57.
Package babel Info: Redefining portuges shorthand "|
(babel)             in language  on input line 64.
 [25]
Package babel Info: Redefining portuges shorthand "|
(babel)             in language  on input line 64.

<./fig/figura2.png, id=568, 749.80125pt x 645.41125pt>
File: ./fig/figura2.png Graphic file (type png)
 <use ./fig/figura2.png>
Package pdftex.def Info: ./fig/figura2.png used on input line 80.
(pdftex.def)             Requested size: 384.10959pt x 330.63261pt.
Package babel Info: Redefining portuges shorthand "|
(babel)             in language  on input line 84.

[26]
Package babel Info: Redefining portuges shorthand "|
(babel)             in language  on input line 86.
Package babel Info: Redefining portuges shorthand "|
(babel)             in language  on input line 96.
Package babel Info: Redefining portuges shorthand "|
(babel)             in language  on input line 101.
 [27 <./fig/figura2.png>]) (./tex/cap_IV.tex
Package babel Info: Redefining portuges shorthand "|
(babel)             in language  on input line 1.
 [28]
Cap\'{\i }tulo 4.
Package babel Info: Redefining portuges shorthand "|
(babel)             in language  on input line 1.
Package babel Info: Redefining portuges shorthand "|
(babel)             in language  on input line 4.
Package babel Info: Redefining portuges shorthand "|
(babel)             in language  on input line 26.
[29

]
Package babel Info: Redefining portuges shorthand "|
(babel)             in language  on input line 28.
Package babel Info: Redefining portuges shorthand "|
(babel)             in language  on input line 34.
 <./fig/figura4.png, id=607, 1197.47375pt x 411.5375pt>
File: ./fig/figura4.png Graphic file (type png)

<use ./fig/figura4.png>
Package pdftex.def Info: ./fig/figura4.png used on input line 49.
(pdftex.def)             Requested size: 384.10959pt x 132.00238pt.

Underfull \hbox (badness 3942) in paragraph at lines 50--50
[][]|\T1/ptm/m/it/10.95 Ta-bela das pers-pec-ti-vas dos cri-té-rios de Souza
 []

Package babel Info: Redefining portuges shorthand "|
(babel)             in language  on input line 53.
[30]
Package babel Info: Redefining portuges shorthand "|
(babel)             in language  on input line 55.
Package babel Info: Redefining portuges shorthand "|
(babel)             in language  on input line 74.
 [31 <./fig/figura4.png>]) (./tex/cap_V.tex
Package babel Info: Redefining portuges shorthand "|
(babel)             in language  on input line 1.
 [32]
Cap\'{\i }tulo 5.
Package babel Info: Redefining portuges shorthand "|
(babel)             in language  on input line 1.
<./fig/figura3.jpg, id=629, 961.5925pt x 789.95125pt>
File: ./fig/figura3.jpg Graphic file (type jpg)
 <use ./fig/figura3.jpg>
Package pdftex.def Info: ./fig/figura3.jpg used on input line 31.
(pdftex.def)             Requested size: 384.10959pt x 315.55301pt.
Package babel Info: Redefining portuges shorthand "|
(babel)             in language  on input line 35.

[33

]
Package babel Info: Redefining portuges shorthand "|
(babel)             in language  on input line 48.
 [34 <./fig/figura3.jpg>]) (./tex/cap_VI.tex
Package babel Info: Redefining portuges shorthand "|
(babel)             in language  on input line 1.
 [35]
Cap\'{\i }tulo 6.
Package babel Info: Redefining portuges shorthand "|
(babel)             in language  on input line 1.
Package babel Info: Redefining portuges shorthand "|
(babel)             in language  on input line 5.
Package babel Info: Redefining portuges shorthand "|
(babel)             in language  on input line 12.

Underfull \hbox (badness 1412) in paragraph at lines 24--25
[]\T1/ptm/m/n/12 Duas tu-plas não
 []


Underfull \hbox (badness 10000) in paragraph at lines 24--25
\T1/ptm/m/n/12 po-dem ter o
 []


Underfull \hbox (badness 1558) in paragraph at lines 24--25
\T1/ptm/m/n/12 mesmo va-lor de
 []


Underfull \hbox (badness 10000) in paragraph at lines 24--25
\T1/ptm/m/n/12 chave pri-má-ria
 []


Underfull \hbox (badness 5105) in paragraph at lines 25--26
\T1/ptm/m/n/12 suem o mesmo
 []


Underfull \hbox (badness 10000) in paragraph at lines 25--26
\T1/ptm/m/n/12 va-lor de chave
 []


Underfull \hbox (badness 2961) in paragraph at lines 26--27
[]\T1/ptm/m/n/12 A chave pri-má-
 []


Underfull \hbox (badness 1412) in paragraph at lines 30--31
[]\T1/ptm/m/n/12 Duas tu-plas não
 []


Underfull \hbox (badness 10000) in paragraph at lines 30--31
\T1/ptm/m/n/12 po-dem ter o
 []


Underfull \hbox (badness 5105) in paragraph at lines 31--32
\T1/ptm/m/n/12 suem o mesmo
 []


Underfull \hbox (badness 1412) in paragraph at lines 36--37
[]\T1/ptm/m/n/12 Duas tu-plas não
 []


Underfull \hbox (badness 10000) in paragraph at lines 36--37
\T1/ptm/m/n/12 po-dem ter o
 []


Underfull \hbox (badness 10000) in paragraph at lines 36--37
\T1/ptm/m/n/12 mesmo va-lor
 []


Underfull \hbox (badness 8151) in paragraph at lines 36--37
\T1/ptm/m/n/12 para o atri-buto
 []


Underfull \hbox (badness 5105) in paragraph at lines 37--38
\T1/ptm/m/n/12 suem o mesmo
 []


Underfull \hbox (badness 10000) in paragraph at lines 38--39
[]\T1/ptm/m/n/12 O atri-buto ra-
 []


Underfull \hbox (badness 10000) in paragraph at lines 38--39
\T1/ptm/m/n/12 zao_social da
 []


Underfull \hbox (badness 10000) in paragraph at lines 38--39
\T1/ptm/m/n/12 ta-bela em-presa
 []


Underfull \hbox (badness 10000) in paragraph at lines 38--39
\T1/ptm/m/n/12 é único, en-tão
 []


Underfull \hbox (badness 4391) in paragraph at lines 38--39
\T1/ptm/m/n/12 o BD res-pei-tou
 []


Underfull \hbox (badness 10000) in paragraph at lines 38--39
\T1/ptm/m/n/12 a res-tri-ção de
 []


Underfull \hbox (badness 1412) in paragraph at lines 42--43
[]\T1/ptm/m/n/12 Duas tu-plas não
 []


Underfull \hbox (badness 10000) in paragraph at lines 42--43
\T1/ptm/m/n/12 po-dem ter o
 []


Underfull \hbox (badness 1558) in paragraph at lines 42--43
\T1/ptm/m/n/12 mesmo va-lor de
 []


Underfull \hbox (badness 10000) in paragraph at lines 42--43
\T1/ptm/m/n/12 chave pri-má-ria
 []


Underfull \hbox (badness 5105) in paragraph at lines 43--44
\T1/ptm/m/n/12 suem o mesmo
 []


Underfull \hbox (badness 10000) in paragraph at lines 43--44
\T1/ptm/m/n/12 va-lor de chave
 []


Underfull \hbox (badness 1412) in paragraph at lines 48--49
[]\T1/ptm/m/n/12 Duas tu-plas não
 []


Underfull \hbox (badness 10000) in paragraph at lines 48--49
\T1/ptm/m/n/12 po-dem ter o
 []


Underfull \hbox (badness 5105) in paragraph at lines 49--50
\T1/ptm/m/n/12 suem o mesmo
 []


Underfull \hbox (badness 4647) in paragraph at lines 50--51
[]\T1/ptm/m/n/12 O atri-buto cnpj
 []


Underfull \hbox (badness 1412) in paragraph at lines 54--55
[]\T1/ptm/m/n/12 Duas tu-plas não
 []


Underfull \hbox (badness 10000) in paragraph at lines 54--55
\T1/ptm/m/n/12 po-dem ter o
 []


Underfull \hbox (badness 1558) in paragraph at lines 54--55
\T1/ptm/m/n/12 mesmo va-lor de
 []


Underfull \hbox (badness 10000) in paragraph at lines 54--55
\T1/ptm/m/n/12 chave pri-má-ria
 []


Underfull \hbox (badness 5105) in paragraph at lines 55--56
\T1/ptm/m/n/12 suem o mesmo
 []


Underfull \hbox (badness 10000) in paragraph at lines 55--56
\T1/ptm/m/n/12 va-lor de chave
 []


Underfull \hbox (badness 1412) in paragraph at lines 60--61
[]\T1/ptm/m/n/12 Duas tu-plas não
 []


Underfull \hbox (badness 10000) in paragraph at lines 60--61
\T1/ptm/m/n/12 po-dem ter o
 []


Underfull \hbox (badness 5105) in paragraph at lines 61--62
\T1/ptm/m/n/12 suem o mesmo
 []


Underfull \hbox (badness 4647) in paragraph at lines 62--63
[]\T1/ptm/m/n/12 O atri-buto cnpj
 []


Underfull \hbox (badness 1412) in paragraph at lines 66--67
[]\T1/ptm/m/n/12 Duas tu-plas não
 []


Underfull \hbox (badness 10000) in paragraph at lines 66--67
\T1/ptm/m/n/12 po-dem ter o
 []


Underfull \hbox (badness 10000) in paragraph at lines 66--67
\T1/ptm/m/n/12 mesmo va-lor
 []


Underfull \hbox (badness 8151) in paragraph at lines 66--67
\T1/ptm/m/n/12 para o atri-buto
 []


Underfull \hbox (badness 5105) in paragraph at lines 67--68
\T1/ptm/m/n/12 suem o mesmo
 []


Underfull \hbox (badness 10000) in paragraph at lines 68--69
[]\T1/ptm/m/n/12 O atri-buto ra-
 []


Underfull \hbox (badness 10000) in paragraph at lines 68--69
\T1/ptm/m/n/12 zao_social da
 []


Underfull \hbox (badness 10000) in paragraph at lines 68--69
\T1/ptm/m/n/12 ta-bela conta é
 []


Underfull \hbox (badness 10000) in paragraph at lines 68--69
\T1/ptm/m/n/12 único, en-tão o
 []


Underfull \hbox (badness 10000) in paragraph at lines 68--69
\T1/ptm/m/n/12 BD res-pei-tou
 []


Underfull \hbox (badness 10000) in paragraph at lines 68--69
\T1/ptm/m/n/12 a res-tri-ção de
 []


Underfull \hbox (badness 1412) in paragraph at lines 72--73
[]\T1/ptm/m/n/12 Duas tu-plas não
 []


Underfull \hbox (badness 10000) in paragraph at lines 72--73
\T1/ptm/m/n/12 po-dem ter o
 []


Underfull \hbox (badness 1558) in paragraph at lines 72--73
\T1/ptm/m/n/12 mesmo va-lor de
 []


Underfull \hbox (badness 10000) in paragraph at lines 72--73
\T1/ptm/m/n/12 chave pri-má-ria
 []


Underfull \hbox (badness 5105) in paragraph at lines 73--74
\T1/ptm/m/n/12 suem o mesmo
 []


Underfull \hbox (badness 10000) in paragraph at lines 73--74
\T1/ptm/m/n/12 va-lor de chave
 []


Underfull \hbox (badness 1412) in paragraph at lines 78--79
[]\T1/ptm/m/n/12 Duas tu-plas não
 []


Underfull \hbox (badness 10000) in paragraph at lines 78--79
\T1/ptm/m/n/12 po-dem ter o
 []


Underfull \hbox (badness 5105) in paragraph at lines 79--80
\T1/ptm/m/n/12 suem o mesmo
 []


Underfull \hbox (badness 1412) in paragraph at lines 84--85
[]\T1/ptm/m/n/12 Duas tu-plas não
 []


Underfull \hbox (badness 10000) in paragraph at lines 84--85
\T1/ptm/m/n/12 po-dem ter o
 []


Underfull \hbox (badness 1558) in paragraph at lines 84--85
\T1/ptm/m/n/12 mesmo va-lor de
 []


Underfull \hbox (badness 10000) in paragraph at lines 84--85
\T1/ptm/m/n/12 chave pri-má-ria
 []


Underfull \hbox (badness 5105) in paragraph at lines 85--86
\T1/ptm/m/n/12 suem o mesmo
 []


Underfull \hbox (badness 10000) in paragraph at lines 85--86
\T1/ptm/m/n/12 va-lor de chave
 []


Underfull \hbox (badness 10000) in paragraph at lines 86--87
[]\T1/ptm/m/n/12 A chave pri-
 []


Underfull \hbox (badness 3746) in paragraph at lines 86--87
\T1/ptm/m/n/12 má-ria da ta-bela
 []


Underfull \hbox (badness 10000) in paragraph at lines 86--87
\T1/ptm/m/n/12 conta_plano é
 []


Underfull \hbox (badness 10000) in paragraph at lines 86--87
\T1/ptm/m/n/12 única, en-tão o
 []


Underfull \hbox (badness 10000) in paragraph at lines 86--87
\T1/ptm/m/n/12 BD res-pei-tou
 []


Underfull \hbox (badness 10000) in paragraph at lines 86--87
\T1/ptm/m/n/12 a res-tri-ção de
 []


Underfull \hbox (badness 1412) in paragraph at lines 90--91
[]\T1/ptm/m/n/12 Duas tu-plas não
 []


Underfull \hbox (badness 10000) in paragraph at lines 90--91
\T1/ptm/m/n/12 po-dem ter o
 []


Underfull \hbox (badness 10000) in paragraph at lines 90--91
\T1/ptm/m/n/12 mesmo va-lor
 []


Underfull \hbox (badness 10000) in paragraph at lines 90--91
\T1/ptm/m/n/12 para os atri-bu-
 []


Underfull \hbox (badness 10000) in paragraph at lines 90--91
\T1/ptm/m/n/12 tos \T1/ptm/m/it/12 id_conta,
 []


Underfull \hbox (badness 5105) in paragraph at lines 91--92
\T1/ptm/m/n/12 suem o mesmo
 []


Underfull \hbox (badness 10000) in paragraph at lines 91--92
\T1/ptm/m/n/12 bu-tos \T1/ptm/m/it/12 id_conta,
 []


Underfull \hbox (badness 10000) in paragraph at lines 92--93
[]\T1/ptm/m/n/12 Os atri-bu-
 []


Underfull \hbox (badness 10000) in paragraph at lines 92--93
\T1/ptm/m/n/12 tos id_conta,
 []


Underfull \hbox (badness 5119) in paragraph at lines 92--93
\T1/ptm/m/n/12 id_plano da ta-
 []


Underfull \hbox (badness 4391) in paragraph at lines 92--93
\T1/ptm/m/n/12 o BD res-pei-tou
 []


Underfull \hbox (badness 10000) in paragraph at lines 92--93
\T1/ptm/m/n/12 a res-tri-ção de
 []


Overfull \hbox (37.26627pt too wide) in paragraph at lines 20--96
[][] 
 []


LaTeX Warning: Float too large for page by 365.143pt on input line 96.


Underfull \hbox (badness 2142) in paragraph at lines 108--109
\T1/ptm/m/it/12 id \T1/ptm/m/n/12 con-tém va-lor
 []


Underfull \hbox (badness 2142) in paragraph at lines 114--115
\T1/ptm/m/it/12 id \T1/ptm/m/n/12 con-tém va-lor
 []


Underfull \hbox (badness 2961) in paragraph at lines 115--116
[]\T1/ptm/m/n/12 A chave pri-má-
 []


Underfull \hbox (badness 2142) in paragraph at lines 121--122
\T1/ptm/m/it/12 id \T1/ptm/m/n/12 con-tém va-lor
 []


Underfull \hbox (badness 4391) in paragraph at lines 122--123
\T1/ptm/m/n/12 da ta-bela \T1/ptm/m/it/12 conta
 []


Underfull \hbox (badness 2142) in paragraph at lines 127--128
\T1/ptm/m/it/12 id \T1/ptm/m/n/12 con-tém va-lor
 []


Underfull \hbox (badness 3735) in paragraph at lines 128--129
\T1/ptm/m/n/12 da ta-bela \T1/ptm/m/it/12 plano
 []


Underfull \hbox (badness 2142) in paragraph at lines 133--134
\T1/ptm/m/it/12 id \T1/ptm/m/n/12 con-tém va-lor
 []


Underfull \hbox (badness 10000) in paragraph at lines 134--135
[]\T1/ptm/m/n/12 A chave pri-
 []


Underfull \hbox (badness 3746) in paragraph at lines 134--135
\T1/ptm/m/n/12 má-ria da ta-bela
 []


Underfull \hbox (badness 2181) in paragraph at lines 134--135
\T1/ptm/m/it/12 conta_plano \T1/ptm/m/n/12 não
 []


Underfull \hbox (badness 2142) in paragraph at lines 139--140
\T1/ptm/m/it/12 id \T1/ptm/m/n/12 con-tém va-lor
 []


Underfull \hbox (badness 10000) in paragraph at lines 140--141
[]\T1/ptm/m/n/12 A chave pri-
 []


Underfull \hbox (badness 3746) in paragraph at lines 140--141
\T1/ptm/m/n/12 má-ria da ta-bela
 []


Underfull \hbox (badness 10000) in paragraph at lines 140--141
\T1/ptm/m/it/12 preco_modulo
 []


Underfull \hbox (badness 10000) in paragraph at lines 140--141
\T1/ptm/m/n/12 nulo, en-tão o
 []


Underfull \hbox (badness 10000) in paragraph at lines 140--141
\T1/ptm/m/n/12 BD res-pei-tou
 []


Underfull \hbox (badness 10000) in paragraph at lines 140--141
\T1/ptm/m/n/12 a res-tri-ção de
 []


Underfull \hbox (badness 2142) in paragraph at lines 145--146
\T1/ptm/m/it/12 id \T1/ptm/m/n/12 con-tém va-lor
 []


Underfull \hbox (badness 10000) in paragraph at lines 146--147
\T1/ptm/m/n/12 da ta-bela \T1/ptm/m/it/12 ma-
 []


Overfull \hbox (18.86064pt too wide) in paragraph at lines 146--147
\T1/ptm/m/it/12 triz_empresa_modulo
 []


Underfull \hbox (badness 10000) in paragraph at lines 146--147
\T1/ptm/m/n/12 nulo, en-tão o
 []


Underfull \hbox (badness 10000) in paragraph at lines 146--147
\T1/ptm/m/n/12 BD res-pei-tou
 []


Underfull \hbox (badness 10000) in paragraph at lines 146--147
\T1/ptm/m/n/12 a res-tri-ção de
 []


Underfull \hbox (badness 2142) in paragraph at lines 151--152
\T1/ptm/m/it/12 id \T1/ptm/m/n/12 con-tém va-lor
 []


Underfull \hbox (badness 2142) in paragraph at lines 157--158
\T1/ptm/m/it/12 id \T1/ptm/m/n/12 con-tém va-lor
 []


Underfull \hbox (badness 2626) in paragraph at lines 158--159
\T1/ptm/m/n/12 da ta-bela \T1/ptm/m/it/12 grupo
 []


Overfull \hbox (53.0217pt too wide) in paragraph at lines 103--162
[][] 
 []


LaTeX Warning: Float too large for page by 204.44307pt on input line 162.

<./fig/caso-teste/dominio/empresa.png, id=658, 745.78625pt x 651.43375pt>
File: ./fig/caso-teste/dominio/empresa.png Graphic file (type png)

<use ./fig/caso-teste/dominio/empresa.png>
Package pdftex.def Info: ./fig/caso-teste/dominio/empresa.png used on input lin
e 171.
(pdftex.def)             Requested size: 384.10959pt x 335.50703pt.
Package babel Info: Redefining portuges shorthand "|
(babel)             in language  on input line 175.
 [36

]
Package babel Info: Redefining portuges shorthand "|
(babel)             in language  on input line 175.
 [37]
Package babel Info: Redefining portuges shorthand "|
(babel)             in language  on input line 175.
 [38]
<./fig/caso-teste/dominio/filial.png, id=671, 745.78625pt x 549.05125pt>
File: ./fig/caso-teste/dominio/filial.png Graphic file (type png)

<use ./fig/caso-teste/dominio/filial.png>
Package pdftex.def Info: ./fig/caso-teste/dominio/filial.png used on input line
 179.
(pdftex.def)             Requested size: 384.10959pt x 282.77711pt.

<./fig/caso-teste/dominio/conta.png, id=672, 748.7975pt x 529.98pt>
File: ./fig/caso-teste/dominio/conta.png Graphic file (type png)

<use ./fig/caso-teste/dominio/conta.png>
Package pdftex.def Info: ./fig/caso-teste/dominio/conta.png used on input line 
187.
(pdftex.def)             Requested size: 384.10959pt x 271.86314pt.
Package babel Info: Redefining portuges shorthand "|
(babel)             in language  on input line 191.
 [39 <./fig/caso-teste/dominio/empresa.png> <./fig/caso-teste/dominio/filial.pn
g>]
<./fig/caso-teste/dominio/plano.png, id=679, 744.7825pt x 373.395pt>
File: ./fig/caso-teste/dominio/plano.png Graphic file (type png)

<use ./fig/caso-teste/dominio/plano.png>
Package pdftex.def Info: ./fig/caso-teste/dominio/plano.png used on input line 
195.
(pdftex.def)             Requested size: 384.10959pt x 192.5769pt.

<./fig/caso-teste/dominio/conta-plano.png, id=680, 744.7825pt x 408.52625pt>
File: ./fig/caso-teste/dominio/conta-plano.png Graphic file (type png)

<use ./fig/caso-teste/dominio/conta-plano.png>
Package pdftex.def Info: ./fig/caso-teste/dominio/conta-plano.png used on input
 line 203.
(pdftex.def)             Requested size: 384.10959pt x 210.6957pt.
Package babel Info: Redefining portuges shorthand "|
(babel)             in language  on input line 207.
 [40 <./fig/caso-teste/dominio/conta.png> <./fig/caso-teste/dominio/plano.png>]

<./fig/caso-teste/dominio/preco-modulo.png, id=687, 743.77875pt x 561.09625pt>
File: ./fig/caso-teste/dominio/preco-modulo.png Graphic file (type png)

<use ./fig/caso-teste/dominio/preco-modulo.png>
Package pdftex.def Info: ./fig/caso-teste/dominio/preco-modulo.png used on inpu
t line 211.
(pdftex.def)             Requested size: 384.10959pt x 289.77687pt.

<./fig/caso-teste/dominio/matriz-empresa-modulo.png, id=688, 746.79pt x 374.398
74pt>
File: ./fig/caso-teste/dominio/matriz-empresa-modulo.png Graphic file (type png
)
 <use ./fig/caso-teste/dominio/matriz-empresa-modulo.png>
Package pdftex.def Info: ./fig/caso-teste/dominio/matriz-empresa-modulo.png use
d on input line 219.
(pdftex.def)             Requested size: 384.10959pt x 192.56898pt.
Package babel Info: Redefining portuges shorthand "|
(babel)             in language  on input line 223.
 [41 <./fig/caso-teste/dominio/conta-plano.png> <./fig/caso-teste/dominio/preco
-modulo.png>]
<./fig/caso-teste/dominio/usuario.png, id=696, 746.79pt x 599.23875pt>
File: ./fig/caso-teste/dominio/usuario.png Graphic file (type png)

<use ./fig/caso-teste/dominio/usuario.png>
Package pdftex.def Info: ./fig/caso-teste/dominio/usuario.png used on input lin
e 227.
(pdftex.def)             Requested size: 384.10959pt x 308.21365pt.

<./fig/caso-teste/dominio/grupo.png, id=697, 747.79375pt x 268.00125pt>
File: ./fig/caso-teste/dominio/grupo.png Graphic file (type png)

<use ./fig/caso-teste/dominio/grupo.png>
Package pdftex.def Info: ./fig/caso-teste/dominio/grupo.png used on input line 
235.
(pdftex.def)             Requested size: 384.10959pt x 137.66026pt.
Package babel Info: Redefining portuges shorthand "|
(babel)             in language  on input line 239.
 [42 <./fig/caso-teste/dominio/matriz-empresa-modulo.png> <./fig/caso-teste/dom
inio/usuario.png>]
<./fig/caso-teste/dominio/grupo-permissao.png, id=704, 747.79375pt x 268.00125p
t>
File: ./fig/caso-teste/dominio/grupo-permissao.png Graphic file (type png)
 <use ./fig/caso-teste/dominio/grupo-permissao.png>
Package pdftex.def Info: ./fig/caso-teste/dominio/grupo-permissao.png used on i
nput line 243.
(pdftex.def)             Requested size: 384.10959pt x 137.66026pt.
File: ./fig/caso-teste/dominio/conta.png Graphic file (type png)

<use ./fig/caso-teste/dominio/conta.png>
Package pdftex.def Info: ./fig/caso-teste/dominio/conta.png used on input line 
251.
(pdftex.def)             Requested size: 384.10959pt x 271.86314pt.
Package babel Info: Redefining portuges shorthand "|
(babel)             in language  on input line 256.

<./fig/caso-teste/integridade-referencial/empresa-filial-matrizEmpresaModulo.pn
g, id=708, 744.7825pt x 320.19624pt>
File: ./fig/caso-teste/integridade-referencial/empresa-filial-matrizEmpresaModu
lo.png Graphic file (type png)

<use ./fig/caso-teste/integridade-referencial/empresa-filial-matrizEmpresaModul
o.png>
Package pdftex.def Info: ./fig/caso-teste/integridade-referencial/empresa-filia
l-matrizEmpresaModulo.png used on input line 264.
(pdftex.def)             Requested size: 384.10959pt x 165.13986pt.
Package babel Info: Redefining portuges shorthand "|
(babel)             in language  on input line 267.
 [43 <./fig/caso-teste/dominio/grupo.png> <./fig/caso-teste/dominio/grupo-permi
ssao.png>]
<./fig/caso-teste/integridade-referencial/empresa-contaPlano-conta.png, id=716,
 743.77875pt x 508.90125pt>
File: ./fig/caso-teste/integridade-referencial/empresa-contaPlano-conta.png Gra
phic file (type png)

<use ./fig/caso-teste/integridade-referencial/empresa-contaPlano-conta.png>
Package pdftex.def Info: ./fig/caso-teste/integridade-referencial/empresa-conta
Plano-conta.png used on input line 271.
(pdftex.def)             Requested size: 384.10959pt x 262.82088pt.

<./fig/caso-teste/integridade-referencial/contaPlano-conta-precoModulo.png, id=
717, 743.77875pt x 303.1325pt>
File: ./fig/caso-teste/integridade-referencial/contaPlano-conta-precoModulo.png
 Graphic file (type png)

<use ./fig/caso-teste/integridade-referencial/contaPlano-conta-precoModulo.png>
Package pdftex.def Info: ./fig/caso-teste/integridade-referencial/contaPlano-co
nta-precoModulo.png used on input line 280.
(pdftex.def)             Requested size: 384.10959pt x 156.55208pt.
Package babel Info: Redefining portuges shorthand "|
(babel)             in language  on input line 284.
[44 <./fig/caso-teste/integridade-referencial/empresa-filial-matrizEmpresaModul
o.png> <./fig/caso-teste/integridade-referencial/empresa-contaPlano-conta.png>]

<./fig/caso-teste/integridade-referencial/usuario-grupo-usuarioGrupo-grupoPermi
ssao.png, id=724, 742.775pt x 582.175pt>
File: ./fig/caso-teste/integridade-referencial/usuario-grupo-usuarioGrupo-grupo
Permissao.png Graphic file (type png)

<use ./fig/caso-teste/integridade-referencial/usuario-grupo-usuarioGrupo-grupoP
ermissao.png>
Package pdftex.def Info: ./fig/caso-teste/integridade-referencial/usuario-grupo
-usuarioGrupo-grupoPermissao.png used on input line 289.
(pdftex.def)             Requested size: 384.10959pt x 301.06268pt.
) (./tex/cap_VII.tex
Package babel Info: Redefining portuges shorthand "|
(babel)             in language  on input line 1.
 [45 <./fig/caso-teste/integridade-referencial/contaPlano-conta-precoModulo.png
> <./fig/caso-teste/integridade-referencial/usuario-grupo-usuarioGrupo-grupoPer
missao.png>]
Cap\'{\i }tulo 7.
Package babel Info: Redefining portuges shorthand "|
(babel)             in language  on input line 1.
Package babel Info: Redefining portuges shorthand "|
(babel)             in language  on input line 7.
Package babel Info: Redefining portuges shorthand "|
(babel)             in language  on input line 24.
Package babel Info: Redefining portuges shorthand "|
(babel)             in language  on input line 28.
Package babel Info: Redefining portuges shorthand "|
(babel)             in language  on input line 34.
[46

]
Overfull \hbox (36.72882pt too wide) in paragraph at lines 42--50
 [][] 
 []

<./fig/unicidade.png, id=742, 286.06876pt x 250.9375pt>
File: ./fig/unicidade.png Graphic file (type png)

<use ./fig/unicidade.png>
Package pdftex.def Info: ./fig/unicidade.png used on input line 64.
(pdftex.def)             Requested size: 192.0548pt x 168.47185pt.
 <./fig/dominio.png, id=743, 289.08pt x 255.95625pt>
File: ./fig/dominio.png Graphic file (type png)

<use ./fig/dominio.png>
Package pdftex.def Info: ./fig/dominio.png used on input line 69.
(pdftex.def)             Requested size: 192.0548pt x 170.04863pt.

<./fig/referencial.png, id=744, 295.1025pt x 254.9525pt>
File: ./fig/referencial.png Graphic file (type png)

<use ./fig/referencial.png>
Package pdftex.def Info: ./fig/referencial.png used on input line 74.
(pdftex.def)             Requested size: 192.0548pt x 165.92722pt.

<./fig/total.png, id=745, 299.1175pt x 259.97125pt>
File: ./fig/total.png Graphic file (type png)
 <use ./fig/total.png>
Package pdftex.def Info: ./fig/total.png used on input line 79.
(pdftex.def)             Requested size: 192.0548pt x 166.92052pt.


LaTeX Warning: `h' float specifier changed to `ht'.

Package babel Info: Redefining portuges shorthand "|
(babel)             in language  on input line 85.
[47]
Package babel Info: Redefining portuges shorthand "|
(babel)             in language  on input line 87.
 <./fig/operadores.png, id=762, 572.1375pt x 320.19624pt>
File: ./fig/operadores.png Graphic file (type png)

<use ./fig/operadores.png>
Package pdftex.def Info: ./fig/operadores.png used on input line 95.
(pdftex.def)             Requested size: 384.10959pt x 214.97008pt.
Package babel Info: Redefining portuges shorthand "|
(babel)             in language  on input line 99.
 [48 <./fig/unicidade.png> <./fig/dominio.png> <./fig/referencial.png> <./fig/t
otal.png>]
Package babel Info: Redefining portuges shorthand "|
(babel)             in language  on input line 101.
 [49 <./fig/operadores.png>]
Package babel Info: Redefining portuges shorthand "|
(babel)             in language  on input line 102.

Overfull \hbox (130.12683pt too wide) in paragraph at lines 116--116
[]\T1/pcr/m/n/12 SELECT E.id, E.razao_social, F.id, F.razao_social, P.nome, CP.
id, CP.id_plano, U.nome, C.id[] 
 []


Overfull \hbox (130.12683pt too wide) in paragraph at lines 129--129
[]\T1/pcr/m/n/12 SELECT E.id, E.razao_social, F.id, F.razao_social, P.nome, CP.
id, CP.id_plano, U.nome, C.id[] 
 []


Overfull \hbox (130.12683pt too wide) in paragraph at lines 140--140
[]\T1/pcr/m/n/12 SELECT E.id, E.razao_social, F.id, F.razao_social, P.nome, CP.
id, CP.id_plano, U.nome, C.id[] 
 []


Overfull \hbox (130.12683pt too wide) in paragraph at lines 151--151
[]\T1/pcr/m/n/12 SELECT E.id, E.razao_social, F.id, F.razao_social, P.nome, CP.
id, CP.id_plano, U.nome, C.id[] 
 []


Overfull \hbox (130.12683pt too wide) in paragraph at lines 162--162
[]\T1/pcr/m/n/12 SELECT E.id, E.razao_social, F.id, F.razao_social, P.nome, CP.
id, CP.id_plano, U.nome, C.id[] 
 []

Package babel Info: Redefining portuges shorthand "|
(babel)             in language  on input line 162.
[50]
Package babel Info: Redefining portuges shorthand "|
(babel)             in language  on input line 195.
Package babel Info: Redefining portuges shorthand "|
(babel)             in language  on input line 209.
 [51]
Package babel Info: Redefining portuges shorthand "|
(babel)             in language  on input line 274.
Package babel Info: Redefining portuges shorthand "|
(babel)             in language  on input line 278.
 [52]
Overfull \hbox (160.72673pt too wide) in paragraph at lines 283--283
[]\T1/pcr/m/n/12 WHERE nome Like 'A%';  // onde a letra A pode ser uma entrada 
de dado de uma ou mais caracteres.[] 
 []

Package babel Info: Redefining portuges shorthand "|
(babel)             in language  on input line 337.
Package babel Info: Redefining portuges shorthand "|
(babel)             in language  on input line 341.
[53] <./fig/mutantes.png, id=801, 325.215pt x 245.91875pt>
File: ./fig/mutantes.png Graphic file (type png)

<use ./fig/mutantes.png>
Package pdftex.def Info: ./fig/mutantes.png used on input line 365.
(pdftex.def)             Requested size: 256.0774pt x 193.65453pt.
) (./tex/cap_VIII.tex
Package babel Info: Redefining portuges shorthand "|
(babel)             in language  on input line 1.
 [54 <./fig/mutantes.png>]
Package babel Info: Redefining portuges shorthand "|
(babel)             in language  on input line 1.

[55]
Cap\'{\i }tulo 8.
Package babel Info: Redefining portuges shorthand "|
(babel)             in language  on input line 1.
)
Package babel Info: Redefining portuges shorthand "|
(babel)             in language  on input line 70.
 [56

]
Package babel Info: Redefining portuges shorthand "|
(babel)             in language  on input line 72.
 [57] (./modelo-tese.bbl
Package babel Info: Redefining portuges shorthand "|
(babel)             in language  on input line 1.
LaTeX Font Info:    Font shape `T1/phv/m/sc' will be
(Font)              scaled to size 10.79993pt on input line 4.

Underfull \hbox (badness 2469) in paragraph at lines 53--58
[]\T1/phv/m/sc/12 MALDONADO, J. C.  \T1/phv/b/n/12 Cri-té-rios po-ten-ci-ais us
os: Uma con-tri-bui-ção ao
 []


Underfull \hbox (badness 1558) in paragraph at lines 53--58
\T1/phv/b/n/12 teste es-tru-tu-ral de soft-ware\T1/phv/m/n/12 .  Tese de dou-to
-rado em en-ge-nha-ria elé-trica,
 []

Package babel Info: Redefining portuges shorthand "|
(babel)             in language  on input line 76.
[58


])
Package babel Info: Redefining portuges shorthand "|
(babel)             in language  on input line 80.
 [59] (./pos/apend_I.tex
Ap\^endice A.
Package babel Info: Redefining portuges shorthand "|
(babel)             in language  on input line 1.

Underfull \hbox (badness 1057) in paragraph at lines 5--250
\T1/ptm/m/n/12 NULL, nome cha-rac-ter varying(40) NOT NULL, qtd_maxima_filiais 
in-te-ger NOT
 []


Underfull \hbox (badness 10000) in paragraph at lines 5--250
\T1/ptm/m/n/12 AL-TER CO-LUMN id SET DE-FAULT next-val('conta_plano_id_seq'::re
gclass);
 []


Underfull \hbox (badness 2573) in paragraph at lines 5--250
\T1/ptm/m/n/12 AL-TER TA-BLE ONLY email_log AL-TER CO-LUMN id SET DE-FAULT next
-
 []


Underfull \hbox (badness 1565) in paragraph at lines 5--250
\T1/ptm/m/n/12 AL-TER TA-BLE ONLY ma-triz_empresa_modulo AL-TER CO-LUMN id SET 
DE-
 []


Underfull \hbox (badness 1014) in paragraph at lines 5--250
\T1/ptm/m/n/12 FAULT next-val('matriz_empresa_modulo_id_seq'::regclass); AL-TER
 TA-BLE ONLY
 []


Underfull \hbox (badness 1668) in paragraph at lines 5--250
\T1/ptm/m/n/12 TER TA-BLE ONLY preco_modulo AL-TER CO-LUMN id SET DE-FAULT next
-
 []


Underfull \hbox (badness 1342) in paragraph at lines 5--250
\T1/ptm/m/n/12 TA-BLE ONLY conta ADD CONS-TRAINT conta_razao_social_key UNI-QUE
 (ra-
 []


Underfull \hbox (badness 1824) in paragraph at lines 5--250
\T1/ptm/m/n/12 grupo ADD CONS-TRAINT grupo_nome_key UNI-QUE (nome); AL-TER TA-B
LE
 []


Underfull \hbox (badness 3713) in paragraph at lines 5--250
\T1/ptm/m/n/12 li-cen-cas_parametros_pkey PRI-MARY KEY (pa-ra-me-tro); AL-TER T
A-BLE ONLY
 []


Underfull \hbox (badness 3039) in paragraph at lines 5--250
\T1/ptm/m/n/12 ma-triz_empresa_modulo ADD CONS-TRAINT ma-triz_empresa_modulo_pk
ey PRI-
 []


Underfull \hbox (badness 3333) in paragraph at lines 5--250
\T1/ptm/m/n/12 conta_plano ADD CONS-TRAINT uni-que_id_conta_id_plano UNI-QUE (i
d_conta,
 []


Underfull \hbox (badness 1874) in paragraph at lines 5--250
\T1/ptm/m/n/12 KEY (id_conta) RE-FE-REN-CES conta(id); AL-TER TA-BLE ONLY usu-a
-rio ADD
 []


Underfull \hbox (badness 6300) in paragraph at lines 5--250
\T1/ptm/m/n/12 CONS-TRAINT id_conta_usuario_fk FO-REIGN KEY (id_conta) RE-FE-RE
N-CES
 []


Underfull \hbox (badness 1168) in paragraph at lines 5--250
\T1/ptm/m/n/12 conta(id); AL-TER TA-BLE ONLY fi-lial ADD CONS-TRAINT id_empresa
_filial_fk
 []


Underfull \hbox (badness 6675) in paragraph at lines 5--250
\T1/ptm/m/n/12 grupo_permissao ADD CONS-TRAINT id_grupo_permissao_fk FO-REIGN K
EY
 []


Underfull \hbox (badness 1527) in paragraph at lines 5--250
\T1/ptm/m/n/12 (id_grupo) RE-FE-REN-CES grupo(id) AL-TER TA-BLE ONLY usu-a-rio_
grupo ADD
 []


Underfull \hbox (badness 4416) in paragraph at lines 5--250
\T1/ptm/m/n/12 CONS-TRAINT id_grupo_usuario_fk FO-REIGN KEY (id_grupo) RE-FE-RE
N-CES
 []

Package babel Info: Redefining portuges shorthand "|
(babel)             in language  on input line 250.
[60


]
Package babel Info: Redefining portuges shorthand "|
(babel)             in language  on input line 250.
 [61]
Package babel Info: Redefining portuges shorthand "|
(babel)             in language  on input line 250.
 [62]) (./pos/apend_II.tex
Overfull \hbox (20.09007pt too wide) in paragraph at lines 251--1
[]\T1/ptm/m/n/12 ALTER TA-BLE ONLY conta_plano ADD CONS-TRAINT id_plano_conta_p
lano_fk
 []

Package babel Info: Redefining portuges shorthand "|
(babel)             in language  on input line 1.
[63]
Ap\^endice B.
Package babel Info: Redefining portuges shorthand "|
(babel)             in language  on input line 1.

Overfull \hbox (105.51277pt too wide) in paragraph at lines 4--17
\T1/ptm/m/n/12 'john@email.com', 'Q7M8TXRCMRF6eqisOj1ylQMaX2MbeKhvXJ4CiXeulgjy1
n2yxZApYThBdx3Ybhho',
 []


Overfull \hbox (105.54839pt too wide) in paragraph at lines 4--17
\T1/ptm/m/n/12 'dudu@email.com', 'Rte87uZVZfsgCsU4JZzDHEY2ePzoiRxSUo6J4MhNQanYK
w6IsjgJVbljRgMw2GWT',
 []


Overfull \hbox (117.1171pt too wide) in paragraph at lines 4--17
\T1/ptm/m/n/12 berto85@email.com', '5WBH7yqBuOWSlHsVPrcAvgL1Dn6aa74gf4mWY3awdff
pG8MkLocb4h9saYe8SrGO',
 []


Overfull \hbox (110.45706pt too wide) in paragraph at lines 4--17
\T1/ptm/m/n/12 'sonsa@email.com', '5WBH7yqBuOWSlHsVPrcAvgL1Dn6aa74gf4mWY3awdffp
G8MkLocb4h9saYe8SrGO',
 []


Overfull \hbox (111.77718pt too wide) in paragraph at lines 4--17
\T1/ptm/m/n/12 'breno@email.com', '5WBH7yqBuOWSlHsVPrcAvgL1Dn6aa74gf4mWY3awdffp
G8MkLocb4h9saYe8SrGO',
 []


Overfull \hbox (95.12114pt too wide) in paragraph at lines 4--17
\T1/ptm/m/n/12 dle@email.com', '5WBH7yqBuOWSlHsVPrcAvgL1Dn6aa74gf4mWY3awdffpG8M
kLocb4h9saYe8SrGO',
 []


Overfull \hbox (102.72838pt too wide) in paragraph at lines 4--17
\T1/ptm/m/n/12 'jojo@email.com', '0s8oyOzCQ7M8TXRCMRF6eqisOj1ylQMaX2MbeKhvXJ4Ci
Xeulgjy1n2yxZApYThB',
 []


Overfull \hbox (14.82887pt too wide) in paragraph at lines 4--17
\T1/ptm/m/n/12 sei@email.com', 'q272gsr6f0mfosatme83d2cnopjr4frl7odd8uaelmj06jk
ioibrbe6pug8olp0i',
 []


Overfull \hbox (82.1379pt too wide) in paragraph at lines 4--17
\T1/ptm/m/n/12 mes_bond@email.com', '53m3om710hqwr256b7ocbkswqrb372b3wnxa1t2r2i
ejb9fc7uf96zwngxgeph7b',
 []


Overfull \hbox (43.25716pt too wide) in paragraph at lines 4--17
\T1/ptm/m/n/12 'tira1@email.com', 'wtcne467dageamh77n64drhjfnouwmxi7zxcss9xsf2s
s9qqnnkq6r1b6gxrsj1q',
 []


Overfull \hbox (57.12961pt too wide) in paragraph at lines 4--17
\T1/ptm/m/n/12 'loi-ri-nha88@email.com', '8nsr6repy79g6pxk371zpr1lyn4hyuyx8ge5z
jkngjtdzhnsfeiux97ln1sblhyk',
 []


Overfull \hbox (77.01395pt too wide) in paragraph at lines 4--17
\T1/ptm/m/n/12 'loi-ri-nho_@email.com', 'n3fdcpqj0bmoi18o6gasg75tzowbwkladqdg7u
qxw4c5ubkqhkaoi698ku965k79',
 []


Overfull \hbox (102.21251pt too wide) in paragraph at lines 4--17
\T1/ptm/m/n/12 'san-drao@email.com', 'dx3YbhhoRte87uZVZfsgCsU4JZzDHEY2ePzoiRxSU
o6J4MhNQanYKw6IsjgJVblj',
 []

Package babel Info: Redefining portuges shorthand "|
(babel)             in language  on input line 30.
[64

]
Underfull \hbox (badness 1210) in paragraph at lines 42--46
[]\T1/ptm/m/n/12 insert into conta (id, ra-zao_social, cnpj, dia_faturamento, e
mail_principal,
 []


Underfull \hbox (badness 2042) in paragraph at lines 42--46
\T1/ptm/m/n/12 ativo) va-lues (1, 'Fer-reiro' , '27477435', 10, 'fer-reiro@emai
l.com', true); in-sert
 []


Underfull \hbox (badness 1147) in paragraph at lines 42--46
\T1/ptm/m/n/12 ra-zao_social, cnpj, dia_faturamento, email_principal, ativo) va
-lues (3, 'Cur-tume' ,
 []


Underfull \hbox (badness 1629) in paragraph at lines 58--68
[]\T1/ptm/m/n/12 insert into preco_modulo (id, mo-dulo, va-lor_mensal_fixo, va-
lor_por_cnpj,
 []

Package babel Info: Redefining portuges shorthand "|
(babel)             in language  on input line 68.
[65]
Underfull \hbox (badness 1009) in paragraph at lines 82--84
[]\T1/ptm/m/n/12 insert into fi-lial (id, ra-zao_social, cnpj, data_insercao, i
d_empresa) va-lues
 []


Underfull \hbox (badness 1320) in paragraph at lines 82--84
\T1/ptm/m/n/12 (5, 'Cur-tume de Ri-ver-rum', '94390062000109', cur-rent_date, 3
); in-sert into fi-lial
 []

) (./pos/apend_III.tex
Package babel Info: Redefining portuges shorthand "|
(babel)             in language  on input line 1.
 [66]
Ap\^endice C.
Package babel Info: Redefining portuges shorthand "|
(babel)             in language  on input line 1.

Underfull \hbox (badness 4403) in paragraph at lines 18--19
[]\T1/ptm/m/n/12 CT - 06 : in-sert into conta (id, ra-zao_social, cnpj, dia_fat
uramento,
 []


Underfull \hbox (badness 4403) in paragraph at lines 20--21
[]\T1/ptm/m/n/12 CT - 07 : in-sert into conta (id, ra-zao_social, cnpj, dia_fat
uramento,
 []


Underfull \hbox (badness 1838) in paragraph at lines 20--21
\T1/ptm/m/n/12 email_principal, ativo) va-lues (1, 'Fer-reiro','27477435', 10, 
'fer-reiro@email.com',
 []


Underfull \hbox (badness 4403) in paragraph at lines 22--23
[]\T1/ptm/m/n/12 CT - 08 : in-sert into conta (id, ra-zao_social, cnpj, dia_fat
uramento,
 []


Underfull \hbox (badness 1242) in paragraph at lines 32--33
[]\T1/ptm/m/n/12 CT - 13 : in-sert into preco_modulo (id, mo-dulo, va-lor_mensa
l_fixo, va-
 []

Package babel Info: Redefining portuges shorthand "|
(babel)             in language  on input line 36.
[67

]
Underfull \hbox (badness 4403) in paragraph at lines 54--55
[]\T1/ptm/m/n/12 CT - 22 : in-sert into conta (id, ra-zao_social, cnpj, dia_fat
uramento,
 []


Underfull \hbox (badness 1242) in paragraph at lines 60--62
[]\T1/ptm/m/n/12 CT - 25 : in-sert into preco_modulo (id, mo-dulo, va-lor_mensa
l_fixo, va-
 []

Package babel Info: Redefining portuges shorthand "|
(babel)             in language  on input line 82.
[68]
Package babel Info: Redefining portuges shorthand "|
(babel)             in language  on input line 118.
 [69]
Package babel Info: Redefining portuges shorthand "|
(babel)             in language  on input line 151.
 [70]
Underfull \hbox (badness 1152) in paragraph at lines 167--169
[]\T1/ptm/m/n/12 plano CT - 74 : in-sert into plano (id, nome, qtd_maxima_filia
is) va-lues
 []


Underfull \hbox (badness 1226) in paragraph at lines 176--177
[]\T1/ptm/m/n/12 CT - 78 : in-sert into plano (nome, qtd_maxima_filiais) va-lue
s ('CT-78',
 []

Package babel Info: Redefining portuges shorthand "|
(babel)             in language  on input line 191.
[71]
Underfull \hbox (badness 2310) in paragraph at lines 191--192
[]\T1/ptm/m/n/12 CT - 85 : in-sert into conta_plano (id, id_plano, id_conta) va
-lues (11,
 []


Underfull \hbox (badness 1194) in paragraph at lines 193--194
[]\T1/ptm/m/n/12 CT - 86 : in-sert into conta_plano (id, id_plano, id_conta) va
-lues (12, -
 []


Underfull \hbox (badness 4582) in paragraph at lines 203--205
[]\T1/ptm/m/n/12 preco_modulo CT - 91 : in-sert into preco_modulo (id, mo-dulo,
 va-
 []


Underfull \hbox (badness 1242) in paragraph at lines 206--207
[]\T1/ptm/m/n/12 CT - 92 : in-sert into preco_modulo (id, mo-dulo, va-lor_mensa
l_fixo, va-
 []


Underfull \hbox (badness 1242) in paragraph at lines 208--209
[]\T1/ptm/m/n/12 CT - 93 : in-sert into preco_modulo (id, mo-dulo, va-lor_mensa
l_fixo, va-
 []


Underfull \hbox (badness 3128) in paragraph at lines 222--223
[]\T1/ptm/m/n/12 CT - 100 : in-sert into preco_modulo (mo-dulo, va-lor_mensal_f
ixo, va-
 []


Underfull \hbox (badness 3128) in paragraph at lines 224--225
[]\T1/ptm/m/n/12 CT - 101 : in-sert into preco_modulo (mo-dulo, va-lor_mensal_f
ixo, va-
 []


Underfull \hbox (badness 3128) in paragraph at lines 226--227
[]\T1/ptm/m/n/12 CT - 102 : in-sert into preco_modulo (mo-dulo, va-lor_mensal_f
ixo, va-
 []

Package babel Info: Redefining portuges shorthand "|
(babel)             in language  on input line 232.
[72]
Overfull \hbox (1038.72206pt too wide) in paragraph at lines 260--261
\T1/ptm/m/n/12 118', 'email_email_email_email_email_email_email_email_email_ema
il_email_email_email_email_email_email_email_email_email_email_email_email_emai
l_email_email_email_email_email_email_email_email_email_email_email_email_email
_email_email_email_email_email_email@email.com',
 []


Overfull \hbox (1139.05171pt too wide) in paragraph at lines 266--267
\T1/ptm/m/n/12 121', 'email@email.com', 'se-nha_senha_senha_senha_senha_senha_s
enha_senha_senha_senha_senha_senha_senha_senha_senha_senha_senha_senha_senha_se
nha_senha_senha_senha_senha_senha_senha_senha_senha_senha_senha_senha_senha_sen
ha_senha_senha_senha_senha_senha_senha_senha_senha_senha_senha',
 []

Package babel Info: Redefining portuges shorthand "|
(babel)             in language  on input line 267.
[73]
Underfull \hbox (badness 3930) in paragraph at lines 296--297
[]\T1/ptm/m/n/12 CT - 135 : in-sert into grupo_permissao (id_grupo, per-mis-sao
) va-lues
 []


Underfull \hbox (badness 1472) in paragraph at lines 298--299
[]\T1/ptm/m/n/12 CT - 136 : in-sert into grupo_permissao (id_grupo, per-mis-sao
) va-lues (-
 []

Package babel Info: Redefining portuges shorthand "|
(babel)             in language  on input line 307.
[74]) (./pos/apend_IV.tex
Package babel Info: Redefining portuges shorthand "|
(babel)             in language  on input line 1.
 [75]
Ap\^endice D.
Package babel Info: Redefining portuges shorthand "|
(babel)             in language  on input line 1.

Overfull \hbox (130.12683pt too wide) in paragraph at lines 16--16
[]\T1/pcr/m/n/12 SELECT E.id, E.razao_social, F.id, F.razao_social, P.nome, CP.
id, CP.id_plano, U.nome, C.id[] 
 []


Overfull \hbox (130.12683pt too wide) in paragraph at lines 29--29
[]\T1/pcr/m/n/12 SELECT E.id, E.razao_social, F.id, F.razao_social, P.nome, CP.
id, CP.id_plano, U.nome, C.id[] 
 []


Overfull \hbox (130.12683pt too wide) in paragraph at lines 41--41
[]\T1/pcr/m/n/12 SELECT E.id, E.razao_social, F.id, F.razao_social, P.nome, CP.
id, CP.id_plano, U.nome, C.id[] 
 []


Overfull \hbox (130.12683pt too wide) in paragraph at lines 57--57
[]\T1/pcr/m/n/12 SELECT E.id, E.razao_social, F.id, F.razao_social, P.nome, CP.
id, CP.id_plano, U.nome, C.id[] 
 []

Package babel Info: Redefining portuges shorthand "|
(babel)             in language  on input line 57.
[76

]
Overfull \hbox (130.12683pt too wide) in paragraph at lines 69--69
[]\T1/pcr/m/n/12 SELECT E.id, E.razao_social, F.id, F.razao_social, P.nome, CP.
id, CP.id_plano, U.nome, C.id[] 
 []


Overfull \hbox (130.12683pt too wide) in paragraph at lines 82--82
[]\T1/pcr/m/n/12 SELECT E.id, E.razao_social, F.id, F.razao_social, P.nome, CP.
id, CP.id_plano, U.nome, C.id[] 
 []


Overfull \hbox (130.12683pt too wide) in paragraph at lines 95--95
[]\T1/pcr/m/n/12 SELECT E.id, E.razao_social, F.id, F.razao_social, P.nome, CP.
id, CP.id_plano, U.nome, C.id[] 
 []


Overfull \hbox (130.12683pt too wide) in paragraph at lines 107--107
[]\T1/pcr/m/n/12 SELECT E.id, E.razao_social, F.id, F.razao_social, P.nome, CP.
id, CP.id_plano, U.nome, C.id[] 
 []

Package babel Info: Redefining portuges shorthand "|
(babel)             in language  on input line 107.
[77]
Overfull \hbox (130.12683pt too wide) in paragraph at lines 118--118
[]\T1/pcr/m/n/12 SELECT E.id, E.razao_social, F.id, F.razao_social, P.nome, CP.
id, CP.id_plano, U.nome, C.id[] 
 []


Overfull \hbox (130.12683pt too wide) in paragraph at lines 130--130
[]\T1/pcr/m/n/12 SELECT E.id, E.razao_social, F.id, F.razao_social, P.nome, CP.
id, CP.id_plano, U.nome, C.id[] 
 []


Overfull \hbox (130.12683pt too wide) in paragraph at lines 143--143
[]\T1/pcr/m/n/12 SELECT E.id, E.razao_social, F.id, F.razao_social, P.nome, CP.
id, CP.id_plano, U.nome, C.id[] 
 []


Overfull \hbox (130.12683pt too wide) in paragraph at lines 154--154
[]\T1/pcr/m/n/12 SELECT E.id, E.razao_social, F.id, F.razao_social, P.nome, CP.
id, CP.id_plano, U.nome, C.id[] 
 []

Package babel Info: Redefining portuges shorthand "|
(babel)             in language  on input line 154.
[78]
Overfull \hbox (130.12683pt too wide) in paragraph at lines 166--166
[]\T1/pcr/m/n/12 SELECT E.id, E.razao_social, F.id, F.razao_social, P.nome, CP.
id, CP.id_plano, U.nome, C.id[] 
 []


Overfull \hbox (130.12683pt too wide) in paragraph at lines 179--179
[]\T1/pcr/m/n/12 SELECT E.id, E.razao_social, F.id, F.razao_social, P.nome, CP.
id, CP.id_plano, U.nome, C.id[] 
 []


Overfull \hbox (130.12683pt too wide) in paragraph at lines 190--190
[]\T1/pcr/m/n/12 SELECT E.id, E.razao_social, F.id, F.razao_social, P.nome, CP.
id, CP.id_plano, U.nome, C.id[] 
 []

Package babel Info: Redefining portuges shorthand "|
(babel)             in language  on input line 204.
[79]
Package babel Info: Redefining portuges shorthand "|
(babel)             in language  on input line 256.
 [80]
Package babel Info: Redefining portuges shorthand "|
(babel)             in language  on input line 308.
 [81]) 
AED: lastpage setting LastPage
Package babel Info: Redefining portuges shorthand "|
(babel)             in language  on input line 88.
[82]
Package atveryend Info: Empty hook `BeforeClearDocument' on input line 88.
Package atveryend Info: Empty hook `AfterLastShipout' on input line 88.
 (./modelo-tese.aux)
Package atveryend Info: Executing hook `AtVeryEndDocument' on input line 88.
Package atveryend Info: Executing hook `AtEndAfterFileList' on input line 88.
Package rerunfilecheck Info: File `modelo-tese.out' has not changed.
(rerunfilecheck)             Checksum: 50CF1577D5CA0C1BA58EE939BA205627;4176.


LaTeX Warning: There were multiply-defined labels.

Package atveryend Info: Empty hook `AtVeryVeryEnd' on input line 88.
 ) 
Here is how much of TeX's memory you used:
 11429 strings out of 493105
 170351 string characters out of 6137072
 315740 words of memory out of 5000000
 14372 multiletter control sequences out of 15000+600000
 103417 words of font info for 101 fonts, out of 8000000 for 9000
 1141 hyphenation exceptions out of 8191
 43i,12n,46p,1129b,473s stack positions out of 5000i,500n,10000p,200000b,80000s
{/usr/share/texlive/texmf-dist/fonts/enc/dvips/base/8r.enc}</usr/share/texliv
e/texmf-dist/fonts/type1/public/amsfonts/cm/cmsy10.pfb></usr/share/texlive/texm
f-dist/fonts/type1/urw/courier/ucrr8a.pfb></usr/share/texlive/texmf-dist/fonts/
type1/urw/helvetic/uhvb8a.pfb></usr/share/texlive/texmf-dist/fonts/type1/urw/he
lvetic/uhvr8a.pfb></usr/share/texlive/texmf-dist/fonts/type1/urw/helvetic/uhvro
8a.pfb></usr/share/texlive/texmf-dist/fonts/type1/urw/times/utmb8a.pfb></usr/sh
are/texlive/texmf-dist/fonts/type1/urw/times/utmr8a.pfb></usr/share/texlive/tex
mf-dist/fonts/type1/urw/times/utmri8a.pfb>
Output written on modelo-tese.pdf (84 pages, 1391349 bytes).
PDF statistics:
 1006 PDF objects out of 1200 (max. 8388607)
 850 compressed objects within 9 object streams
 210 named destinations out of 1000 (max. 500000)
 569 words of extra memory for PDF output out of 10000 (max. 10000000)

